Log file open, 12/07/23 20:08:14
LogWindows: Failed to load 'aqProf.dll' (GetLastError=126)
LogWindows: File 'aqProf.dll' does not exist
LogWindows: Failed to load 'VtuneApi.dll' (GetLastError=126)
LogWindows: File 'VtuneApi.dll' does not exist
LogWindows: Failed to load 'VtuneApi32e.dll' (GetLastError=126)
LogWindows: File 'VtuneApi32e.dll' does not exist
LogConsoleResponse: Display: Failed to find resolution value strings in scalability ini. Falling back to default.
LogConsoleResponse: Display: Failed to find resolution value strings in scalability ini. Falling back to default.
LogInit: Display: Running engine for game: BloodOath
LogPlatformFile: Not using cached read wrapper
LogTaskGraph: Started task graph with 5 named threads and 35 total threads with 3 sets of task threads.
LogStats: Stats thread started at 0.391986
LogICUInternationalization: ICU TimeZone Detection - Raw Offset: +2:00, Platform Override: ''
LogInit: Display: Loading text-based GConfig....
LogPluginManager: Mounting plugin MeshPainting
LogPluginManager: Mounting plugin XGEController
LogPluginManager: Mounting plugin Paper2D
LogPluginManager: Mounting plugin LiveLink
LogPluginManager: Mounting plugin EnvironmentQueryEditor
LogPluginManager: Mounting plugin AISupport
LogPluginManager: Mounting plugin LightPropagationVolume
LogPluginManager: Mounting plugin CameraShakePreviewer
LogPluginManager: Mounting plugin GameplayCameras
LogPluginManager: Mounting plugin OodleData
LogPluginManager: Mounting plugin OodleNetwork
LogPluginManager: Mounting plugin AnimationSharing
LogPluginManager: Mounting plugin AlembicImporter
LogPluginManager: Mounting plugin Niagara
LogPluginManager: Mounting plugin AutomationUtils
LogPluginManager: Mounting plugin BackChannel
LogPluginManager: Mounting plugin ChaosCloth
LogPluginManager: Mounting plugin ChaosClothEditor
LogPluginManager: Mounting plugin ChaosNiagara
LogPluginManager: Mounting plugin ChaosEditor
LogPluginManager: Mounting plugin ChaosSolverPlugin
LogPluginManager: Mounting plugin CharacterAI
LogPluginManager: Mounting plugin GeometryCache
LogPluginManager: Mounting plugin GeometryCollectionPlugin
LogPluginManager: Mounting plugin GeometryProcessing
LogPluginManager: Mounting plugin MotoSynth
LogPluginManager: Mounting plugin OpenImageDenoise
LogPluginManager: Mounting plugin PlatformCrypto
LogPluginManager: Mounting plugin PythonScriptPlugin
LogPluginManager: Mounting plugin PlanarCut
LogPluginManager: Mounting plugin ProxyLODPlugin
LogPluginManager: Mounting plugin SkeletalReduction
LogPluginManager: Mounting plugin DatasmithContent
LogPluginManager: Mounting plugin VariantManagerContent
LogPluginManager: Mounting plugin LuminPlatformFeatures
LogPluginManager: Mounting plugin MagicLeap
LogPluginManager: Mounting plugin MagicLeapLightEstimation
LogPluginManager: Mounting plugin MagicLeapMedia
LogPluginManager: Mounting plugin MagicLeapPassableWorld
LogPluginManager: Mounting plugin MLSDK
LogPluginManager: Mounting plugin AndroidMedia
LogPluginManager: Mounting plugin AvfMedia
LogPluginManager: Mounting plugin ImgMedia
LogPluginManager: Mounting plugin MediaCompositing
LogPluginManager: Mounting plugin ActorSequence
LogPluginManager: Mounting plugin MediaPlayerEditor
LogPluginManager: Mounting plugin WebMMedia
LogPluginManager: Mounting plugin WmfMedia
LogPluginManager: Mounting plugin LevelSequenceEditor
LogPluginManager: Mounting plugin MatineeToLevelSequence
LogPluginManager: Mounting plugin TemplateSequence
LogPluginManager: Mounting plugin TcpMessaging
LogPluginManager: Mounting plugin UdpMessaging
LogPluginManager: Mounting plugin OnlineSubsystem
LogPluginManager: Mounting plugin OnlineSubsystemNull
LogPluginManager: Mounting plugin OnlineSubsystemUtils
LogPluginManager: Mounting plugin LauncherChunkInstaller
LogPluginManager: Mounting plugin ActorLayerUtilities
LogPluginManager: Mounting plugin AndroidMoviePlayer
LogPluginManager: Mounting plugin AndroidPermission
LogPluginManager: Mounting plugin AndroidDeviceProfileSelector
LogPluginManager: Mounting plugin AppleImageUtils
LogPluginManager: Mounting plugin AssetTags
LogPluginManager: Mounting plugin AppleMoviePlayer
LogPluginManager: Mounting plugin ArchVisCharacter
LogPluginManager: Mounting plugin AudioCapture
LogPluginManager: Mounting plugin AudioSynesthesia
LogPluginManager: Mounting plugin CableComponent
LogPluginManager: Mounting plugin ChunkDownloader
LogPluginManager: Mounting plugin CustomMeshComponent
LogPluginManager: Mounting plugin EditableMesh
LogPluginManager: Mounting plugin ExampleDeviceProfileSelector
LogPluginManager: Mounting plugin GoogleCloudMessaging
LogPluginManager: Mounting plugin GooglePAD
LogPluginManager: Mounting plugin ScreenshotTools
LogPluginManager: Mounting plugin IOSDeviceProfileSelector
LogPluginManager: Mounting plugin LinuxDeviceProfileSelector
LogPluginManager: Mounting plugin LocationServicesBPLibrary
LogPluginManager: Mounting plugin MobilePatchingUtils
LogPluginManager: Mounting plugin OpenXR
LogPluginManager: Mounting plugin OpenXREyeTracker
LogPluginManager: Mounting plugin OpenXRHandTracking
LogPluginManager: Mounting plugin PhysXVehicles
LogPluginManager: Mounting plugin PostSplashScreen
LogPluginManager: Mounting plugin ProceduralMeshComponent
LogPluginManager: Mounting plugin PropertyAccessEditor
LogPluginManager: Mounting plugin RuntimePhysXCooking
LogPluginManager: Mounting plugin SignificanceManager
LogPluginManager: Mounting plugin Takes
LogPluginManager: Mounting plugin SoundFields
LogPluginManager: Mounting plugin Synthesis
LogPluginManager: Mounting plugin WebMMoviePlayer
LogPluginManager: Mounting plugin WindowsMoviePlayer
LogPluginManager: Mounting plugin CodeLiteSourceCodeAccess
LogPluginManager: Mounting plugin CLionSourceCodeAccess
LogPluginManager: Mounting plugin GitSourceControl
LogPluginManager: Mounting plugin KDevelopSourceCodeAccess
LogPluginManager: Mounting plugin NullSourceCodeAccess
LogPluginManager: Mounting plugin PixWinPlugin
LogPluginManager: Mounting plugin PropertyAccessNode
LogPluginManager: Mounting plugin PerforceSourceControl
LogPluginManager: Mounting plugin PluginUtils
LogPluginManager: Mounting plugin PlasticSourceControl
LogPluginManager: Mounting plugin SubversionSourceControl
LogPluginManager: Mounting plugin RiderSourceCodeAccess
LogPluginManager: Mounting plugin TextureFormatOodle
LogPluginManager: Mounting plugin UObjectPlugin
LogPluginManager: Mounting plugin VisualStudioSourceCodeAccess
LogPluginManager: Mounting plugin VisualStudioCodeSourceCodeAccess
LogPluginManager: Mounting plugin XCodeSourceCodeAccess
LogPluginManager: Mounting plugin AssetManagerEditor
LogPluginManager: Mounting plugin CryptoKeys
LogPluginManager: Mounting plugin DataValidation
LogPluginManager: Mounting plugin CurveEditorTools
LogPluginManager: Mounting plugin FacialAnimation
LogPluginManager: Mounting plugin GeometryMode
LogPluginManager: Mounting plugin GameplayTagsEditor
LogPluginManager: Mounting plugin MacGraphicsSwitching
LogPluginManager: Mounting plugin MaterialAnalyzer
LogPluginManager: Mounting plugin MobileLauncherProfileWizard
LogPluginManager: Mounting plugin PluginBrowser
LogPluginManager: Mounting plugin SpeedTreeImporter
LogPluginManager: Mounting plugin OnlineSubsystemIOS
LogPluginManager: Mounting plugin OnlineSubsystemGooglePlay
LogPluginManager: Mounting plugin OculusVR
LogPluginManager: Mounting plugin SteamVR
LogPluginManager: Mounting plugin ContentBrowserAssetDataSource
LogPluginManager: Mounting plugin ContentBrowserClassDataSource
LogPluginManager: Mounting plugin ContentBrowserFileDataSource
LogLuminAPIImpl: Warning: MLSDK not found.  This likely means the MLSDK environment variable is not set.
LogInit: Using libcurl 7.55.1-DEV
LogInit:  - built for x86_64-pc-win32
LogInit:  - supports SSL with OpenSSL/1.1.1
LogInit:  - supports HTTP deflate (compression) using libz 1.2.8
LogInit:  - other features:
LogInit:      CURL_VERSION_SSL
LogInit:      CURL_VERSION_LIBZ
LogInit:      CURL_VERSION_IPV6
LogInit:      CURL_VERSION_ASYNCHDNS
LogInit:      CURL_VERSION_LARGEFILE
LogInit:      CURL_VERSION_IDN
LogInit:  CurlRequestOptions (configurable via config and command line):
LogInit:  - bVerifyPeer = true  - Libcurl will verify peer certificate
LogInit:  - bUseHttpProxy = false  - Libcurl will NOT use HTTP proxy
LogInit:  - bDontReuseConnections = false  - Libcurl will reuse connections
LogInit:  - MaxHostConnections = 16  - Libcurl will limit the number of connections to a host
LogInit:  - LocalHostAddr = Default
LogInit:  - BufferSize = 65536
LogOnline: OSS: Creating online subsystem instance for: NULL
LogInit: WinSock: version 1.1 (2.2), MaxSocks=32767, MaxUdp=65467
LogOnline: OSS: TryLoadSubsystemAndSetDefault: Loaded subsystem for module [NULL]
PixWinPlugin: PIX capture plugin failed to initialize! Check that the process is launched from PIX.
LogOculusPluginWrapper: OculusPlugin initialized successfully
LogHMD: Failed initializing OVRPlugin 1.59.0
LogInit: Build: ++UE4+Release-4.27-CL-18319896
LogInit: Engine Version: 4.27.2-18319896+++UE4+Release-4.27
LogInit: Compatible Engine Version: 4.27.0-17155196+++UE4+Release-4.27
LogInit: Net CL: 17155196
LogInit: OS: Windows 10 (Release 2009) (), CPU: Intel(R) Core(TM) i7-8750H CPU @ 2.20GHz, GPU: Intel(R) UHD Graphics 630
LogInit: Compiled (64-bit): Nov 30 2021 07:12:08
LogInit: Compiled with Visual C++: 19.24.28315.00
LogInit: Build Configuration: Development
LogInit: Branch Name: ++UE4+Release-4.27
LogInit: Command Line:  -AUTH_LOGIN=unused -AUTH_PASSWORD=aa4171ec1dc54ad9b27ca99d9383dd58 -AUTH_TYPE=exchangecode -epicapp=UE_4.27 -epicenv=Prod -EpicPortal -epicusername=dudejustplay -epicuserid=8cd7ace31eec4eb6ac7ec468459fdac1 -epiclocale=en -epicsandboxid=ue
LogInit: Base Directory: C:/Program Files (x86)/UE_4.27/Engine/Binaries/Win64/
LogInit: Allocator: TBB
LogInit: Installed Engine Build: 1
LogDevObjectVersion: Number of dev versions registered: 29
LogDevObjectVersion:   Dev-Blueprints (B0D832E4-1F89-4F0D-ACCF-7EB736FD4AA2): 10
LogDevObjectVersion:   Dev-Build (E1C64328-A22C-4D53-A36C-8E866417BD8C): 0
LogDevObjectVersion:   Dev-Core (375EC13C-06E4-48FB-B500-84F0262A717E): 4
LogDevObjectVersion:   Dev-Editor (E4B068ED-F494-42E9-A231-DA0B2E46BB41): 40
LogDevObjectVersion:   Dev-Framework (CFFC743F-43B0-4480-9391-14DF171D2073): 37
LogDevObjectVersion:   Dev-Mobile (B02B49B5-BB20-44E9-A304-32B752E40360): 3
LogDevObjectVersion:   Dev-Networking (A4E4105C-59A1-49B5-A7C5-40C4547EDFEE): 0
LogDevObjectVersion:   Dev-Online (39C831C9-5AE6-47DC-9A44-9C173E1C8E7C): 0
LogDevObjectVersion:   Dev-Physics (78F01B33-EBEA-4F98-B9B4-84EACCB95AA2): 14
LogDevObjectVersion:   Dev-Platform (6631380F-2D4D-43E0-8009-CF276956A95A): 0
LogDevObjectVersion:   Dev-Rendering (12F88B9F-8875-4AFC-A67C-D90C383ABD29): 45
LogDevObjectVersion:   Dev-Sequencer (7B5AE74C-D270-4C10-A958-57980B212A5A): 13
LogDevObjectVersion:   Dev-VR (D7296918-1DD6-4BDD-9DE2-64A83CC13884): 3
LogDevObjectVersion:   Dev-LoadTimes (C2A15278-BFE7-4AFE-6C17-90FF531DF755): 1
LogDevObjectVersion:   Private-Geometry (6EACA3D4-40EC-4CC1-B786-8BED09428FC5): 3
LogDevObjectVersion:   Dev-AnimPhys (29E575DD-E0A3-4627-9D10-D276232CDCEA): 17
LogDevObjectVersion:   Dev-Anim (AF43A65D-7FD3-4947-9873-3E8ED9C1BB05): 15
LogDevObjectVersion:   Dev-ReflectionCapture (6B266CEC-1EC7-4B8F-A30B-E4D90942FC07): 1
LogDevObjectVersion:   Dev-Automation (0DF73D61-A23F-47EA-B727-89E90C41499A): 1
LogDevObjectVersion:   FortniteMain (601D1886-AC64-4F84-AA16-D3DE0DEAC7D6): 47
LogDevObjectVersion:   FortniteRelease (E7086368-6B23-4C58-8439-1B7016265E91): 1
LogDevObjectVersion:   Dev-Enterprise (9DFFBCD6-494F-0158-E221-12823C92A888): 10
LogDevObjectVersion:   Dev-Niagara (F2AED0AC-9AFE-416F-8664-AA7FFA26D6FC): 1
LogDevObjectVersion:   Dev-Destruction (174F1F0B-B4C6-45A5-B13F-2EE8D0FB917D): 10
LogDevObjectVersion:   Dev-Physics-Ext (35F94A83-E258-406C-A318-09F59610247C): 41
LogDevObjectVersion:   Dev-PhysicsMaterial-Chaos (B68FC16E-8B1B-42E2-B453-215C058844FE): 1
LogDevObjectVersion:   Dev-CineCamera (B2E18506-4273-CFC2-A54E-F4BB758BBA07): 1
LogDevObjectVersion:   Dev-VirtualProduction (64F58936-FD1B-42BA-BA96-7289D5D0FA4E): 1
LogDevObjectVersion:   Dev-MediaFramework (6F0ED827-A609-4895-9C91-998D90180EA4): 2
LogInit: Presizing for max 25165824 objects, including 0 objects not considered by GC, pre-allocating 0 bytes for permanent pool.
LogConfig: Applying CVar settings from Section [/Script/Engine.StreamingSettings] File [C:/Users/zizok/Documents/Unreal Projects/BloodOath/BloodOath/Saved/Config/Windows/Engine.ini]
LogConfig: Setting CVar [[s.MinBulkDataSizeForAsyncLoading:131072]]
LogConfig: Setting CVar [[s.AsyncLoadingThreadEnabled:0]]
LogConfig: Setting CVar [[s.EventDrivenLoaderEnabled:1]]
LogConfig: Setting CVar [[s.WarnIfTimeLimitExceeded:0]]
LogConfig: Setting CVar [[s.TimeLimitExceededMultiplier:1.5]]
LogConfig: Setting CVar [[s.TimeLimitExceededMinTime:0.005]]
LogConfig: Setting CVar [[s.UseBackgroundLevelStreaming:1]]
LogConfig: Setting CVar [[s.PriorityAsyncLoadingExtraTime:15.0]]
LogConfig: Setting CVar [[s.LevelStreamingActorsUpdateTimeLimit:5.0]]
LogConfig: Setting CVar [[s.PriorityLevelStreamingActorsUpdateExtraTime:5.0]]
LogConfig: Setting CVar [[s.LevelStreamingComponentsRegistrationGranularity:10]]
LogConfig: Setting CVar [[s.UnregisterComponentsTimeLimit:1.0]]
LogConfig: Setting CVar [[s.LevelStreamingComponentsUnregistrationGranularity:5]]
LogConfig: Setting CVar [[s.FlushStreamingOnExit:1]]
LogInit: Object subsystem initialized
LogConfig: Setting CVar [[con.DebugEarlyDefault:1]]
LogConfig: Setting CVar [[r.setres:1280x720]]
[2023.12.07-18.08.15:587][  0]LogConfig: Setting CVar [[r.VSync:0]]
[2023.12.07-18.08.15:587][  0]LogConfig: Setting CVar [[r.RHICmdBypass:0]]
[2023.12.07-18.08.15:587][  0]LogConfig: Applying CVar settings from Section [/Script/Engine.RendererSettings] File [C:/Users/zizok/Documents/Unreal Projects/BloodOath/BloodOath/Saved/Config/Windows/Engine.ini]
[2023.12.07-18.08.15:587][  0]LogConfig: Setting CVar [[r.GPUCrashDebugging:0]]
[2023.12.07-18.08.15:587][  0]LogConfig: Applying CVar settings from Section [/Script/Engine.RendererOverrideSettings] File [C:/Users/zizok/Documents/Unreal Projects/BloodOath/BloodOath/Saved/Config/Windows/Engine.ini]
[2023.12.07-18.08.15:587][  0]LogConfig: Applying CVar settings from Section [/Script/Engine.StreamingSettings] File [C:/Users/zizok/Documents/Unreal Projects/BloodOath/BloodOath/Saved/Config/Windows/Engine.ini]
[2023.12.07-18.08.15:587][  0]LogConfig: Setting CVar [[s.MinBulkDataSizeForAsyncLoading:131072]]
[2023.12.07-18.08.15:587][  0]LogConfig: Setting CVar [[s.AsyncLoadingThreadEnabled:0]]
[2023.12.07-18.08.15:587][  0]LogConfig: Setting CVar [[s.EventDrivenLoaderEnabled:1]]
[2023.12.07-18.08.15:587][  0]LogConfig: Setting CVar [[s.WarnIfTimeLimitExceeded:0]]
[2023.12.07-18.08.15:587][  0]LogConfig: Setting CVar [[s.TimeLimitExceededMultiplier:1.5]]
[2023.12.07-18.08.15:587][  0]LogConfig: Setting CVar [[s.TimeLimitExceededMinTime:0.005]]
[2023.12.07-18.08.15:587][  0]LogConfig: Setting CVar [[s.UseBackgroundLevelStreaming:1]]
[2023.12.07-18.08.15:587][  0]LogConfig: Setting CVar [[s.PriorityAsyncLoadingExtraTime:15.0]]
[2023.12.07-18.08.15:587][  0]LogConfig: Setting CVar [[s.LevelStreamingActorsUpdateTimeLimit:5.0]]
[2023.12.07-18.08.15:587][  0]LogConfig: Setting CVar [[s.PriorityLevelStreamingActorsUpdateExtraTime:5.0]]
[2023.12.07-18.08.15:587][  0]LogConfig: Setting CVar [[s.LevelStreamingComponentsRegistrationGranularity:10]]
[2023.12.07-18.08.15:587][  0]LogConfig: Setting CVar [[s.UnregisterComponentsTimeLimit:1.0]]
[2023.12.07-18.08.15:587][  0]LogConfig: Setting CVar [[s.LevelStreamingComponentsUnregistrationGranularity:5]]
[2023.12.07-18.08.15:587][  0]LogConfig: Setting CVar [[s.FlushStreamingOnExit:1]]
[2023.12.07-18.08.15:587][  0]LogConfig: Applying CVar settings from Section [/Script/Engine.GarbageCollectionSettings] File [C:/Users/zizok/Documents/Unreal Projects/BloodOath/BloodOath/Saved/Config/Windows/Engine.ini]
[2023.12.07-18.08.15:587][  0]LogConfig: Setting CVar [[gc.MaxObjectsNotConsideredByGC:1]]
[2023.12.07-18.08.15:587][  0]LogConfig: Setting CVar [[gc.SizeOfPermanentObjectPool:0]]
[2023.12.07-18.08.15:587][  0]LogConfig: Setting CVar [[gc.FlushStreamingOnGC:0]]
[2023.12.07-18.08.15:587][  0]LogConfig: Setting CVar [[gc.NumRetriesBeforeForcingGC:10]]
[2023.12.07-18.08.15:587][  0]LogConfig: Setting CVar [[gc.AllowParallelGC:1]]
[2023.12.07-18.08.15:587][  0]LogConfig: Setting CVar [[gc.TimeBetweenPurgingPendingKillObjects:61.1]]
[2023.12.07-18.08.15:587][  0]LogConfig: Setting CVar [[gc.MaxObjectsInEditor:25165824]]
[2023.12.07-18.08.15:587][  0]LogConfig: Setting CVar [[gc.IncrementalBeginDestroyEnabled:1]]
[2023.12.07-18.08.15:587][  0]LogConfig: Setting CVar [[gc.CreateGCClusters:1]]
[2023.12.07-18.08.15:587][  0]LogConfig: Setting CVar [[gc.MinGCClusterSize:5]]
[2023.12.07-18.08.15:587][  0]LogConfig: Setting CVar [[gc.ActorClusteringEnabled:0]]
[2023.12.07-18.08.15:587][  0]LogConfig: Setting CVar [[gc.BlueprintClusteringEnabled:0]]
[2023.12.07-18.08.15:587][  0]LogConfig: Setting CVar [[gc.UseDisregardForGCOnDedicatedServers:0]]
[2023.12.07-18.08.15:587][  0]LogConfig: Setting CVar [[gc.MultithreadedDestructionEnabled:1]]
[2023.12.07-18.08.15:588][  0]LogConfig: Applying CVar settings from Section [/Script/Engine.NetworkSettings] File [C:/Users/zizok/Documents/Unreal Projects/BloodOath/BloodOath/Saved/Config/Windows/Engine.ini]
[2023.12.07-18.08.15:588][  0]LogConfig: Applying CVar settings from Section [/Script/UnrealEd.CookerSettings] File [C:/Users/zizok/Documents/Unreal Projects/BloodOath/BloodOath/Saved/Config/Windows/Engine.ini]
[2023.12.07-18.08.15:650][  0]LogConfig: Applying CVar settings from Section [ViewDistanceQuality@3] File [C:/Users/zizok/Documents/Unreal Projects/BloodOath/BloodOath/Saved/Config/Windows/Scalability.ini]
[2023.12.07-18.08.15:650][  0]LogConfig: Setting CVar [[r.SkeletalMeshLODBias:0]]
[2023.12.07-18.08.15:650][  0]LogConfig: Setting CVar [[r.ViewDistanceScale:1.0]]
[2023.12.07-18.08.15:650][  0]LogConfig: Applying CVar settings from Section [AntiAliasingQuality@3] File [C:/Users/zizok/Documents/Unreal Projects/BloodOath/BloodOath/Saved/Config/Windows/Scalability.ini]
[2023.12.07-18.08.15:651][  0]LogConfig: Setting CVar [[r.PostProcessAAQuality:4]]
[2023.12.07-18.08.15:651][  0]LogConfig: Applying CVar settings from Section [ShadowQuality@3] File [C:/Users/zizok/Documents/Unreal Projects/BloodOath/BloodOath/Saved/Config/Windows/Scalability.ini]
[2023.12.07-18.08.15:651][  0]LogConfig: Setting CVar [[r.LightFunctionQuality:1]]
[2023.12.07-18.08.15:651][  0]LogConfig: Setting CVar [[r.ShadowQuality:5]]
[2023.12.07-18.08.15:651][  0]LogConfig: Setting CVar [[r.Shadow.CSM.MaxCascades:10]]
[2023.12.07-18.08.15:651][  0]LogConfig: Setting CVar [[r.Shadow.MaxResolution:2048]]
[2023.12.07-18.08.15:651][  0]LogConfig: Setting CVar [[r.Shadow.MaxCSMResolution:2048]]
[2023.12.07-18.08.15:651][  0]LogConfig: Setting CVar [[r.Shadow.RadiusThreshold:0.01]]
[2023.12.07-18.08.15:651][  0]LogConfig: Setting CVar [[r.Shadow.DistanceScale:1.0]]
[2023.12.07-18.08.15:651][  0]LogConfig: Setting CVar [[r.Shadow.CSM.TransitionScale:1.0]]
[2023.12.07-18.08.15:651][  0]LogConfig: Setting CVar [[r.Shadow.PreShadowResolutionFactor:1.0]]
[2023.12.07-18.08.15:651][  0]LogConfig: Setting CVar [[r.DistanceFieldShadowing:1]]
[2023.12.07-18.08.15:651][  0]LogConfig: Setting CVar [[r.DistanceFieldAO:1]]
[2023.12.07-18.08.15:651][  0]LogConfig: Setting CVar [[r.AOQuality:2]]
[2023.12.07-18.08.15:651][  0]LogConfig: Setting CVar [[r.VolumetricFog:1]]
[2023.12.07-18.08.15:651][  0]LogConfig: Setting CVar [[r.VolumetricFog.GridPixelSize:8]]
[2023.12.07-18.08.15:651][  0]LogConfig: Setting CVar [[r.VolumetricFog.GridSizeZ:128]]
[2023.12.07-18.08.15:651][  0]LogConfig: Setting CVar [[r.VolumetricFog.HistoryMissSupersampleCount:4]]
[2023.12.07-18.08.15:651][  0]LogConfig: Setting CVar [[r.LightMaxDrawDistanceScale:1]]
[2023.12.07-18.08.15:651][  0]LogConfig: Setting CVar [[r.CapsuleShadows:1]]
[2023.12.07-18.08.15:651][  0]LogConfig: Applying CVar settings from Section [PostProcessQuality@3] File [C:/Users/zizok/Documents/Unreal Projects/BloodOath/BloodOath/Saved/Config/Windows/Scalability.ini]
[2023.12.07-18.08.15:651][  0]LogConfig: Setting CVar [[r.MotionBlurQuality:4]]
[2023.12.07-18.08.15:651][  0]LogConfig: Setting CVar [[r.AmbientOcclusionMipLevelFactor:0.4]]
[2023.12.07-18.08.15:651][  0]LogConfig: Setting CVar [[r.AmbientOcclusionMaxQuality:100]]
[2023.12.07-18.08.15:651][  0]LogConfig: Setting CVar [[r.AmbientOcclusionLevels:-1]]
[2023.12.07-18.08.15:651][  0]LogConfig: Setting CVar [[r.AmbientOcclusionRadiusScale:1.0]]
[2023.12.07-18.08.15:651][  0]LogConfig: Setting CVar [[r.DepthOfFieldQuality:2]]
[2023.12.07-18.08.15:651][  0]LogConfig: Setting CVar [[r.RenderTargetPoolMin:400]]
[2023.12.07-18.08.15:651][  0]LogConfig: Setting CVar [[r.LensFlareQuality:2]]
[2023.12.07-18.08.15:651][  0]LogConfig: Setting CVar [[r.SceneColorFringeQuality:1]]
[2023.12.07-18.08.15:651][  0]LogConfig: Setting CVar [[r.EyeAdaptationQuality:2]]
[2023.12.07-18.08.15:651][  0]LogConfig: Setting CVar [[r.BloomQuality:5]]
[2023.12.07-18.08.15:651][  0]LogConfig: Setting CVar [[r.FastBlurThreshold:100]]
[2023.12.07-18.08.15:651][  0]LogConfig: Setting CVar [[r.Upscale.Quality:3]]
[2023.12.07-18.08.15:651][  0]LogConfig: Setting CVar [[r.Tonemapper.GrainQuantization:1]]
[2023.12.07-18.08.15:651][  0]LogConfig: Setting CVar [[r.LightShaftQuality:1]]
[2023.12.07-18.08.15:651][  0]LogConfig: Setting CVar [[r.Filter.SizeScale:1]]
[2023.12.07-18.08.15:651][  0]LogConfig: Setting CVar [[r.Tonemapper.Quality:5]]
[2023.12.07-18.08.15:651][  0]LogConfig: Setting CVar [[r.DOF.Gather.AccumulatorQuality:1        ; higher gathering accumulator quality]]
[2023.12.07-18.08.15:651][  0]LogConfig: Setting CVar [[r.DOF.Gather.PostfilterMethod:1          ; Median3x3 postfilering method]]
[2023.12.07-18.08.15:651][  0]LogConfig: Setting CVar [[r.DOF.Gather.EnableBokehSettings:0       ; no bokeh simulation when gathering]]
[2023.12.07-18.08.15:651][  0]LogConfig: Setting CVar [[r.DOF.Gather.RingCount:4                 ; medium number of samples when gathering]]
[2023.12.07-18.08.15:651][  0]LogConfig: Setting CVar [[r.DOF.Scatter.ForegroundCompositing:1    ; additive foreground scattering]]
[2023.12.07-18.08.15:651][  0]LogConfig: Setting CVar [[r.DOF.Scatter.BackgroundCompositing:2    ; additive background scattering]]
[2023.12.07-18.08.15:652][  0]LogConfig: Setting CVar [[r.DOF.Scatter.EnableBokehSettings:1      ; bokeh simulation when scattering]]
[2023.12.07-18.08.15:652][  0]LogConfig: Setting CVar [[r.DOF.Scatter.MaxSpriteRatio:0.1         ; only a maximum of 10% of scattered bokeh]]
[2023.12.07-18.08.15:652][  0]LogConfig: Setting CVar [[r.DOF.Recombine.Quality:1                ; cheap slight out of focus]]
[2023.12.07-18.08.15:652][  0]LogConfig: Setting CVar [[r.DOF.Recombine.EnableBokehSettings:0    ; no bokeh simulation on slight out of focus]]
[2023.12.07-18.08.15:652][  0]LogConfig: Setting CVar [[r.DOF.TemporalAAQuality:1                ; more stable temporal accumulation]]
[2023.12.07-18.08.15:652][  0]LogConfig: Setting CVar [[r.DOF.Kernel.MaxForegroundRadius:0.025]]
[2023.12.07-18.08.15:652][  0]LogConfig: Setting CVar [[r.DOF.Kernel.MaxBackgroundRadius:0.025]]
[2023.12.07-18.08.15:652][  0]LogConfig: Applying CVar settings from Section [TextureQuality@3] File [C:/Users/zizok/Documents/Unreal Projects/BloodOath/BloodOath/Saved/Config/Windows/Scalability.ini]
[2023.12.07-18.08.15:652][  0]LogConfig: Setting CVar [[r.Streaming.MipBias:0]]
[2023.12.07-18.08.15:652][  0]LogConfig: Setting CVar [[r.Streaming.AmortizeCPUToGPUCopy:0]]
[2023.12.07-18.08.15:652][  0]LogConfig: Setting CVar [[r.Streaming.MaxNumTexturesToStreamPerFrame:0]]
[2023.12.07-18.08.15:652][  0]LogConfig: Setting CVar [[r.Streaming.Boost:1]]
[2023.12.07-18.08.15:652][  0]LogConfig: Setting CVar [[r.MaxAnisotropy:8]]
[2023.12.07-18.08.15:652][  0]LogConfig: Setting CVar [[r.VT.MaxAnisotropy:8]]
[2023.12.07-18.08.15:652][  0]LogConfig: Setting CVar [[r.Streaming.LimitPoolSizeToVRAM:0]]
[2023.12.07-18.08.15:652][  0]LogConfig: Setting CVar [[r.Streaming.PoolSize:1000]]
[2023.12.07-18.08.15:652][  0]LogConfig: Setting CVar [[r.Streaming.MaxEffectiveScreenSize:0]]
[2023.12.07-18.08.15:652][  0]LogConfig: Applying CVar settings from Section [EffectsQuality@3] File [C:/Users/zizok/Documents/Unreal Projects/BloodOath/BloodOath/Saved/Config/Windows/Scalability.ini]
[2023.12.07-18.08.15:652][  0]LogConfig: Setting CVar [[r.TranslucencyLightingVolumeDim:64]]
[2023.12.07-18.08.15:652][  0]LogConfig: Setting CVar [[r.RefractionQuality:2]]
[2023.12.07-18.08.15:652][  0]LogConfig: Setting CVar [[r.SSR.Quality:3]]
[2023.12.07-18.08.15:652][  0]LogConfig: Setting CVar [[r.SSR.HalfResSceneColor:0]]
[2023.12.07-18.08.15:652][  0]LogConfig: Setting CVar [[r.SceneColorFormat:4]]
[2023.12.07-18.08.15:652][  0]LogConfig: Setting CVar [[r.DetailMode:2]]
[2023.12.07-18.08.15:652][  0]LogConfig: Setting CVar [[r.TranslucencyVolumeBlur:1]]
[2023.12.07-18.08.15:652][  0]LogConfig: Setting CVar [[r.MaterialQualityLevel:1 ; High quality]]
[2023.12.07-18.08.15:652][  0]LogConfig: Setting CVar [[r.AnisotropicMaterials:1]]
[2023.12.07-18.08.15:652][  0]LogConfig: Setting CVar [[r.SSS.Scale:1]]
[2023.12.07-18.08.15:652][  0]LogConfig: Setting CVar [[r.SSS.SampleSet:2]]
[2023.12.07-18.08.15:652][  0]LogConfig: Setting CVar [[r.SSS.Quality:1]]
[2023.12.07-18.08.15:652][  0]LogConfig: Setting CVar [[r.SSS.HalfRes:0]]
[2023.12.07-18.08.15:652][  0]LogConfig: Setting CVar [[r.SSGI.Quality:3]]
[2023.12.07-18.08.15:652][  0]LogConfig: Setting CVar [[r.EmitterSpawnRateScale:1.0]]
[2023.12.07-18.08.15:652][  0]LogConfig: Setting CVar [[r.ParticleLightQuality:2]]
[2023.12.07-18.08.15:652][  0]LogConfig: Setting CVar [[r.SkyAtmosphere.AerialPerspectiveLUT.FastApplyOnOpaque:1 ; Always have FastSkyLUT 1 in this case to avoid wrong sky]]
[2023.12.07-18.08.15:652][  0]LogConfig: Setting CVar [[r.SkyAtmosphere.AerialPerspectiveLUT.SampleCountMaxPerSlice:4]]
[2023.12.07-18.08.15:652][  0]LogConfig: Setting CVar [[r.SkyAtmosphere.AerialPerspectiveLUT.DepthResolution:16.0]]
[2023.12.07-18.08.15:652][  0]LogConfig: Setting CVar [[r.SkyAtmosphere.FastSkyLUT:1]]
[2023.12.07-18.08.15:653][  0]LogConfig: Setting CVar [[r.SkyAtmosphere.FastSkyLUT.SampleCountMin:4.0]]
[2023.12.07-18.08.15:653][  0]LogConfig: Setting CVar [[r.SkyAtmosphere.FastSkyLUT.SampleCountMax:128.0]]
[2023.12.07-18.08.15:653][  0]LogConfig: Setting CVar [[r.SkyAtmosphere.SampleCountMin:4.0]]
[2023.12.07-18.08.15:653][  0]LogConfig: Setting CVar [[r.SkyAtmosphere.SampleCountMax:128.0]]
[2023.12.07-18.08.15:653][  0]LogConfig: Setting CVar [[r.SkyAtmosphere.TransmittanceLUT.UseSmallFormat:0]]
[2023.12.07-18.08.15:653][  0]LogConfig: Setting CVar [[r.SkyAtmosphere.TransmittanceLUT.SampleCount:10.0]]
[2023.12.07-18.08.15:653][  0]LogConfig: Setting CVar [[r.SkyAtmosphere.MultiScatteringLUT.SampleCount:15.0]]
[2023.12.07-18.08.15:653][  0]LogConfig: Setting CVar [[r.SkyLight.RealTimeReflectionCapture:1]]
[2023.12.07-18.08.15:653][  0]LogConfig: Applying CVar settings from Section [FoliageQuality@3] File [C:/Users/zizok/Documents/Unreal Projects/BloodOath/BloodOath/Saved/Config/Windows/Scalability.ini]
[2023.12.07-18.08.15:653][  0]LogConfig: Setting CVar [[foliage.DensityScale:1.0]]
[2023.12.07-18.08.15:653][  0]LogConfig: Setting CVar [[grass.DensityScale:1.0]]
[2023.12.07-18.08.15:653][  0]LogConfig: Applying CVar settings from Section [ShadingQuality@3] File [C:/Users/zizok/Documents/Unreal Projects/BloodOath/BloodOath/Saved/Config/Windows/Scalability.ini]
[2023.12.07-18.08.15:653][  0]LogConfig: Setting CVar [[r.HairStrands.SkyLighting.IntegrationType:2]]
[2023.12.07-18.08.15:653][  0]LogConfig: Setting CVar [[r.HairStrands.SkyAO.SampleCount:4]]
[2023.12.07-18.08.15:653][  0]LogConfig: Setting CVar [[r.HairStrands.Visibility.MSAA.SamplePerPixel:4]]
[2023.12.07-18.08.15:653][  0]LogInit: Selected Device Profile: [Windows]
[2023.12.07-18.08.15:653][  0]LogInit: Applying CVar settings loaded from the selected device profile: [Windows]
[2023.12.07-18.08.15:653][  0]LogHAL: Display: Platform has ~ 16 GB [16962949120 / 17179869184 / 16], which maps to Larger [LargestMinGB=32, LargerMinGB=12, DefaultMinGB=8, SmallerMinGB=6, SmallestMinGB=0)
[2023.12.07-18.08.15:653][  0]LogInit: Going up to parent DeviceProfile []
[2023.12.07-18.08.15:653][  0]LogConfig: Applying CVar settings from Section [ViewDistanceQuality@3] File [C:/Users/zizok/Documents/Unreal Projects/BloodOath/BloodOath/Saved/Config/Windows/Scalability.ini]
[2023.12.07-18.08.15:653][  0]LogConfig: Setting CVar [[r.SkeletalMeshLODBias:0]]
[2023.12.07-18.08.15:653][  0]LogConfig: Setting CVar [[r.ViewDistanceScale:1.0]]
[2023.12.07-18.08.15:653][  0]LogConfig: Applying CVar settings from Section [AntiAliasingQuality@3] File [C:/Users/zizok/Documents/Unreal Projects/BloodOath/BloodOath/Saved/Config/Windows/Scalability.ini]
[2023.12.07-18.08.15:653][  0]LogConfig: Setting CVar [[r.PostProcessAAQuality:4]]
[2023.12.07-18.08.15:653][  0]LogConfig: Applying CVar settings from Section [ShadowQuality@3] File [C:/Users/zizok/Documents/Unreal Projects/BloodOath/BloodOath/Saved/Config/Windows/Scalability.ini]
[2023.12.07-18.08.15:653][  0]LogConfig: Setting CVar [[r.LightFunctionQuality:1]]
[2023.12.07-18.08.15:653][  0]LogConfig: Setting CVar [[r.ShadowQuality:5]]
[2023.12.07-18.08.15:653][  0]LogConfig: Setting CVar [[r.Shadow.CSM.MaxCascades:10]]
[2023.12.07-18.08.15:653][  0]LogConfig: Setting CVar [[r.Shadow.MaxResolution:2048]]
[2023.12.07-18.08.15:653][  0]LogConfig: Setting CVar [[r.Shadow.MaxCSMResolution:2048]]
[2023.12.07-18.08.15:654][  0]LogConfig: Setting CVar [[r.Shadow.RadiusThreshold:0.01]]
[2023.12.07-18.08.15:654][  0]LogConfig: Setting CVar [[r.Shadow.DistanceScale:1.0]]
[2023.12.07-18.08.15:654][  0]LogConfig: Setting CVar [[r.Shadow.CSM.TransitionScale:1.0]]
[2023.12.07-18.08.15:654][  0]LogConfig: Setting CVar [[r.Shadow.PreShadowResolutionFactor:1.0]]
[2023.12.07-18.08.15:654][  0]LogConfig: Setting CVar [[r.DistanceFieldShadowing:1]]
[2023.12.07-18.08.15:654][  0]LogConfig: Setting CVar [[r.DistanceFieldAO:1]]
[2023.12.07-18.08.15:654][  0]LogConfig: Setting CVar [[r.AOQuality:2]]
[2023.12.07-18.08.15:654][  0]LogConfig: Setting CVar [[r.VolumetricFog:1]]
[2023.12.07-18.08.15:654][  0]LogConfig: Setting CVar [[r.VolumetricFog.GridPixelSize:8]]
[2023.12.07-18.08.15:654][  0]LogConfig: Setting CVar [[r.VolumetricFog.GridSizeZ:128]]
[2023.12.07-18.08.15:654][  0]LogConfig: Setting CVar [[r.VolumetricFog.HistoryMissSupersampleCount:4]]
[2023.12.07-18.08.15:654][  0]LogConfig: Setting CVar [[r.LightMaxDrawDistanceScale:1]]
[2023.12.07-18.08.15:654][  0]LogConfig: Setting CVar [[r.CapsuleShadows:1]]
[2023.12.07-18.08.15:654][  0]LogConfig: Applying CVar settings from Section [PostProcessQuality@3] File [C:/Users/zizok/Documents/Unreal Projects/BloodOath/BloodOath/Saved/Config/Windows/Scalability.ini]
[2023.12.07-18.08.15:654][  0]LogConfig: Setting CVar [[r.MotionBlurQuality:4]]
[2023.12.07-18.08.15:654][  0]LogConfig: Setting CVar [[r.AmbientOcclusionMipLevelFactor:0.4]]
[2023.12.07-18.08.15:654][  0]LogConfig: Setting CVar [[r.AmbientOcclusionMaxQuality:100]]
[2023.12.07-18.08.15:654][  0]LogConfig: Setting CVar [[r.AmbientOcclusionLevels:-1]]
[2023.12.07-18.08.15:654][  0]LogConfig: Setting CVar [[r.AmbientOcclusionRadiusScale:1.0]]
[2023.12.07-18.08.15:654][  0]LogConfig: Setting CVar [[r.DepthOfFieldQuality:2]]
[2023.12.07-18.08.15:654][  0]LogConfig: Setting CVar [[r.RenderTargetPoolMin:400]]
[2023.12.07-18.08.15:654][  0]LogConfig: Setting CVar [[r.LensFlareQuality:2]]
[2023.12.07-18.08.15:654][  0]LogConfig: Setting CVar [[r.SceneColorFringeQuality:1]]
[2023.12.07-18.08.15:654][  0]LogConfig: Setting CVar [[r.EyeAdaptationQuality:2]]
[2023.12.07-18.08.15:654][  0]LogConfig: Setting CVar [[r.BloomQuality:5]]
[2023.12.07-18.08.15:654][  0]LogConfig: Setting CVar [[r.FastBlurThreshold:100]]
[2023.12.07-18.08.15:654][  0]LogConfig: Setting CVar [[r.Upscale.Quality:3]]
[2023.12.07-18.08.15:654][  0]LogConfig: Setting CVar [[r.Tonemapper.GrainQuantization:1]]
[2023.12.07-18.08.15:654][  0]LogConfig: Setting CVar [[r.LightShaftQuality:1]]
[2023.12.07-18.08.15:654][  0]LogConfig: Setting CVar [[r.Filter.SizeScale:1]]
[2023.12.07-18.08.15:654][  0]LogConfig: Setting CVar [[r.Tonemapper.Quality:5]]
[2023.12.07-18.08.15:654][  0]LogConfig: Setting CVar [[r.DOF.Gather.AccumulatorQuality:1        ; higher gathering accumulator quality]]
[2023.12.07-18.08.15:654][  0]LogConfig: Setting CVar [[r.DOF.Gather.PostfilterMethod:1          ; Median3x3 postfilering method]]
[2023.12.07-18.08.15:654][  0]LogConfig: Setting CVar [[r.DOF.Gather.EnableBokehSettings:0       ; no bokeh simulation when gathering]]
[2023.12.07-18.08.15:654][  0]LogConfig: Setting CVar [[r.DOF.Gather.RingCount:4                 ; medium number of samples when gathering]]
[2023.12.07-18.08.15:654][  0]LogConfig: Setting CVar [[r.DOF.Scatter.ForegroundCompositing:1    ; additive foreground scattering]]
[2023.12.07-18.08.15:654][  0]LogConfig: Setting CVar [[r.DOF.Scatter.BackgroundCompositing:2    ; additive background scattering]]
[2023.12.07-18.08.15:654][  0]LogConfig: Setting CVar [[r.DOF.Scatter.EnableBokehSettings:1      ; bokeh simulation when scattering]]
[2023.12.07-18.08.15:654][  0]LogConfig: Setting CVar [[r.DOF.Scatter.MaxSpriteRatio:0.1         ; only a maximum of 10% of scattered bokeh]]
[2023.12.07-18.08.15:654][  0]LogConfig: Setting CVar [[r.DOF.Recombine.Quality:1                ; cheap slight out of focus]]
[2023.12.07-18.08.15:654][  0]LogConfig: Setting CVar [[r.DOF.Recombine.EnableBokehSettings:0    ; no bokeh simulation on slight out of focus]]
[2023.12.07-18.08.15:654][  0]LogConfig: Setting CVar [[r.DOF.TemporalAAQuality:1                ; more stable temporal accumulation]]
[2023.12.07-18.08.15:654][  0]LogConfig: Setting CVar [[r.DOF.Kernel.MaxForegroundRadius:0.025]]
[2023.12.07-18.08.15:655][  0]LogConfig: Setting CVar [[r.DOF.Kernel.MaxBackgroundRadius:0.025]]
[2023.12.07-18.08.15:655][  0]LogConfig: Applying CVar settings from Section [TextureQuality@3] File [C:/Users/zizok/Documents/Unreal Projects/BloodOath/BloodOath/Saved/Config/Windows/Scalability.ini]
[2023.12.07-18.08.15:655][  0]LogConfig: Setting CVar [[r.Streaming.MipBias:0]]
[2023.12.07-18.08.15:655][  0]LogConfig: Setting CVar [[r.Streaming.AmortizeCPUToGPUCopy:0]]
[2023.12.07-18.08.15:655][  0]LogConfig: Setting CVar [[r.Streaming.MaxNumTexturesToStreamPerFrame:0]]
[2023.12.07-18.08.15:655][  0]LogConfig: Setting CVar [[r.Streaming.Boost:1]]
[2023.12.07-18.08.15:655][  0]LogConfig: Setting CVar [[r.MaxAnisotropy:8]]
[2023.12.07-18.08.15:655][  0]LogConfig: Setting CVar [[r.VT.MaxAnisotropy:8]]
[2023.12.07-18.08.15:655][  0]LogConfig: Setting CVar [[r.Streaming.LimitPoolSizeToVRAM:0]]
[2023.12.07-18.08.15:655][  0]LogConfig: Setting CVar [[r.Streaming.PoolSize:1000]]
[2023.12.07-18.08.15:655][  0]LogConfig: Setting CVar [[r.Streaming.MaxEffectiveScreenSize:0]]
[2023.12.07-18.08.15:655][  0]LogConfig: Applying CVar settings from Section [EffectsQuality@3] File [C:/Users/zizok/Documents/Unreal Projects/BloodOath/BloodOath/Saved/Config/Windows/Scalability.ini]
[2023.12.07-18.08.15:655][  0]LogConfig: Setting CVar [[r.TranslucencyLightingVolumeDim:64]]
[2023.12.07-18.08.15:655][  0]LogConfig: Setting CVar [[r.RefractionQuality:2]]
[2023.12.07-18.08.15:655][  0]LogConfig: Setting CVar [[r.SSR.Quality:3]]
[2023.12.07-18.08.15:655][  0]LogConfig: Setting CVar [[r.SSR.HalfResSceneColor:0]]
[2023.12.07-18.08.15:655][  0]LogConfig: Setting CVar [[r.SceneColorFormat:4]]
[2023.12.07-18.08.15:655][  0]LogConfig: Setting CVar [[r.DetailMode:2]]
[2023.12.07-18.08.15:655][  0]LogConfig: Setting CVar [[r.TranslucencyVolumeBlur:1]]
[2023.12.07-18.08.15:655][  0]LogConfig: Setting CVar [[r.MaterialQualityLevel:1 ; High quality]]
[2023.12.07-18.08.15:655][  0]LogConfig: Setting CVar [[r.AnisotropicMaterials:1]]
[2023.12.07-18.08.15:655][  0]LogConfig: Setting CVar [[r.SSS.Scale:1]]
[2023.12.07-18.08.15:655][  0]LogConfig: Setting CVar [[r.SSS.SampleSet:2]]
[2023.12.07-18.08.15:655][  0]LogConfig: Setting CVar [[r.SSS.Quality:1]]
[2023.12.07-18.08.15:655][  0]LogConfig: Setting CVar [[r.SSS.HalfRes:0]]
[2023.12.07-18.08.15:655][  0]LogConfig: Setting CVar [[r.SSGI.Quality:3]]
[2023.12.07-18.08.15:655][  0]LogConfig: Setting CVar [[r.EmitterSpawnRateScale:1.0]]
[2023.12.07-18.08.15:655][  0]LogConfig: Setting CVar [[r.ParticleLightQuality:2]]
[2023.12.07-18.08.15:655][  0]LogConfig: Setting CVar [[r.SkyAtmosphere.AerialPerspectiveLUT.FastApplyOnOpaque:1 ; Always have FastSkyLUT 1 in this case to avoid wrong sky]]
[2023.12.07-18.08.15:655][  0]LogConfig: Setting CVar [[r.SkyAtmosphere.AerialPerspectiveLUT.SampleCountMaxPerSlice:4]]
[2023.12.07-18.08.15:655][  0]LogConfig: Setting CVar [[r.SkyAtmosphere.AerialPerspectiveLUT.DepthResolution:16.0]]
[2023.12.07-18.08.15:655][  0]LogConfig: Setting CVar [[r.SkyAtmosphere.FastSkyLUT:1]]
[2023.12.07-18.08.15:655][  0]LogConfig: Setting CVar [[r.SkyAtmosphere.FastSkyLUT.SampleCountMin:4.0]]
[2023.12.07-18.08.15:655][  0]LogConfig: Setting CVar [[r.SkyAtmosphere.FastSkyLUT.SampleCountMax:128.0]]
[2023.12.07-18.08.15:655][  0]LogConfig: Setting CVar [[r.SkyAtmosphere.SampleCountMin:4.0]]
[2023.12.07-18.08.15:655][  0]LogConfig: Setting CVar [[r.SkyAtmosphere.SampleCountMax:128.0]]
[2023.12.07-18.08.15:655][  0]LogConfig: Setting CVar [[r.SkyAtmosphere.TransmittanceLUT.UseSmallFormat:0]]
[2023.12.07-18.08.15:655][  0]LogConfig: Setting CVar [[r.SkyAtmosphere.TransmittanceLUT.SampleCount:10.0]]
[2023.12.07-18.08.15:655][  0]LogConfig: Setting CVar [[r.SkyAtmosphere.MultiScatteringLUT.SampleCount:15.0]]
[2023.12.07-18.08.15:655][  0]LogConfig: Setting CVar [[r.SkyLight.RealTimeReflectionCapture:1]]
[2023.12.07-18.08.15:655][  0]LogConfig: Applying CVar settings from Section [FoliageQuality@3] File [C:/Users/zizok/Documents/Unreal Projects/BloodOath/BloodOath/Saved/Config/Windows/Scalability.ini]
[2023.12.07-18.08.15:655][  0]LogConfig: Setting CVar [[foliage.DensityScale:1.0]]
[2023.12.07-18.08.15:655][  0]LogConfig: Setting CVar [[grass.DensityScale:1.0]]
[2023.12.07-18.08.15:655][  0]LogConfig: Applying CVar settings from Section [ShadingQuality@3] File [C:/Users/zizok/Documents/Unreal Projects/BloodOath/BloodOath/Saved/Config/Windows/Scalability.ini]
[2023.12.07-18.08.15:655][  0]LogConfig: Setting CVar [[r.HairStrands.SkyLighting.IntegrationType:2]]
[2023.12.07-18.08.15:655][  0]LogConfig: Setting CVar [[r.HairStrands.SkyAO.SampleCount:4]]
[2023.12.07-18.08.15:656][  0]LogConfig: Setting CVar [[r.HairStrands.Visibility.MSAA.SamplePerPixel:4]]
[2023.12.07-18.08.15:656][  0]LogConfig: Applying CVar settings from Section [Startup] File [../../../Engine/Config/ConsoleVariables.ini]
[2023.12.07-18.08.15:656][  0]LogConfig: Setting CVar [[net.UseAdaptiveNetUpdateFrequency:0]]
[2023.12.07-18.08.15:656][  0]LogConfig: Setting CVar [[p.chaos.AllowCreatePhysxBodies:1]]
[2023.12.07-18.08.15:656][  0]LogConfig: Setting CVar [[fx.SkipVectorVMBackendOptimizations:1]]
[2023.12.07-18.08.15:656][  0]LogConfig: Applying CVar settings from Section [ConsoleVariables] File [C:/Users/zizok/Documents/Unreal Projects/BloodOath/BloodOath/Saved/Config/Windows/Engine.ini]
[2023.12.07-18.08.15:656][  0]LogConfig: Applying CVar settings from Section [ConsoleVariables] File [C:/Users/zizok/Documents/Unreal Projects/BloodOath/BloodOath/Saved/Config/Windows/Editor.ini]
[2023.12.07-18.08.15:656][  0]LogInit: Computer: DESKTOP-RMJ4MHH
[2023.12.07-18.08.15:656][  0]LogInit: User: zizok
[2023.12.07-18.08.15:656][  0]LogInit: CPU Page size=4096, Cores=6
[2023.12.07-18.08.15:656][  0]LogInit: High frequency timer resolution =10.000000 MHz
[2023.12.07-18.08.15:656][  0]LogMemory: Memory total: Physical=15.8GB (16GB approx)
[2023.12.07-18.08.15:656][  0]LogMemory: Platform Memory Stats for Windows
[2023.12.07-18.08.15:656][  0]LogMemory: Process Physical Memory: 144.35 MB used, 144.36 MB peak
[2023.12.07-18.08.15:656][  0]LogMemory: Process Virtual Memory: 129.86 MB used, 129.86 MB peak
[2023.12.07-18.08.15:656][  0]LogMemory: Physical Memory: 12864.66 MB used,  3312.46 MB free, 16177.13 MB total
[2023.12.07-18.08.15:656][  0]LogMemory: Virtual Memory: 134211064.00 MB used,  6663.27 MB free, 134217728.00 MB total
[2023.12.07-18.08.15:664][  0]LogWindows: WindowsPlatformFeatures enabled
[2023.12.07-18.08.15:751][  0]LogInit: Physics initialised using underlying interface: PhysX
[2023.12.07-18.08.15:752][  0]LogInit: Using OS detected language (en-US).
[2023.12.07-18.08.15:752][  0]LogInit: Using OS detected locale (en-US).
[2023.12.07-18.08.15:763][  0]LogTextLocalizationManager: No specific localization for 'en-US' exists, so the 'en' localization will be used.
[2023.12.07-18.08.16:117][  0]LogInit: Setting process to per monitor DPI aware
[2023.12.07-18.08.16:146][  0]LogWindowsTextInputMethodSystem: Display: IME system deactivated.
[2023.12.07-18.08.16:215][  0]LogSlate: New Slate User Created.  User Index 0, Is Virtual User: 0
[2023.12.07-18.08.16:215][  0]LogSlate: Slate User Registered.  User Index 0, Is Virtual User: 0
[2023.12.07-18.08.16:648][  0]LogD3D11RHI: Loaded GFSDK_Aftermath_Lib.x64.dll
[2023.12.07-18.08.16:722][  0]LogHMD: Failed to initialize OpenVR with code 110
[2023.12.07-18.08.16:722][  0]LogD3D11RHI: D3D11 min allowed feature level: 11_0
[2023.12.07-18.08.16:722][  0]LogD3D11RHI: D3D11 max allowed feature level: 11_0
[2023.12.07-18.08.16:722][  0]LogD3D11RHI: D3D11 adapters:
[2023.12.07-18.08.16:986][  0]LogD3D11RHI:    0. 'NVIDIA GeForce GTX 1060 with Max-Q Design' (Feature Level 11_0)
[2023.12.07-18.08.16:987][  0]LogD3D11RHI:       6043/0/8088 MB DedicatedVideo/DedicatedSystem/SharedSystem, Outputs:2, VendorId:0x10de
[2023.12.07-18.08.17:075][  0]LogD3D11RHI:    1. 'Intel(R) UHD Graphics 630' (Feature Level 11_0)
[2023.12.07-18.08.17:075][  0]LogD3D11RHI:       128/0/8088 MB DedicatedVideo/DedicatedSystem/SharedSystem, Outputs:0, VendorId:0x8086
[2023.12.07-18.08.17:080][  0]LogD3D11RHI:    2. 'Microsoft Basic Render Driver' (Feature Level 11_0)
[2023.12.07-18.08.17:080][  0]LogD3D11RHI:       0/0/8088 MB DedicatedVideo/DedicatedSystem/SharedSystem, Outputs:0, VendorId:0x1414
[2023.12.07-18.08.17:080][  0]LogD3D11RHI: Chosen D3D11 Adapter:
[2023.12.07-18.08.17:080][  0]LogD3D11RHI:     Description : NVIDIA GeForce GTX 1060 with Max-Q Design
[2023.12.07-18.08.17:080][  0]LogD3D11RHI:     VendorId    : 10de
[2023.12.07-18.08.17:080][  0]LogD3D11RHI:     DeviceId    : 1c20
[2023.12.07-18.08.17:080][  0]LogD3D11RHI:     SubSysId    : 8251028
[2023.12.07-18.08.17:080][  0]LogD3D11RHI:     Revision    : 00a1
[2023.12.07-18.08.17:080][  0]LogD3D11RHI:     DedicatedVideoMemory : 6336544768 bytes
[2023.12.07-18.08.17:080][  0]LogD3D11RHI:     DedicatedSystemMemory : 0 bytes
[2023.12.07-18.08.17:080][  0]LogD3D11RHI:     SharedSystemMemory : 8481474560 bytes
[2023.12.07-18.08.17:080][  0]LogD3D11RHI:     AdapterLuid : 0 64431
[2023.12.07-18.08.17:093][  0]LogD3D11RHI: Creating new Direct3DDevice
[2023.12.07-18.08.17:093][  0]LogD3D11RHI:     GPU DeviceId: 0x1c20 (for the marketing name, search the web for "GPU Device Id")
[2023.12.07-18.08.17:093][  0]LogWindows: EnumDisplayDevices:
[2023.12.07-18.08.17:093][  0]LogWindows:    0. 'Intel(R) UHD Graphics 630' (P:1 D:1)
[2023.12.07-18.08.17:094][  0]LogWindows:    1. 'Intel(R) UHD Graphics 630' (P:0 D:0)
[2023.12.07-18.08.17:094][  0]LogWindows:    2. 'Intel(R) UHD Graphics 630' (P:0 D:0)
[2023.12.07-18.08.17:094][  0]LogWindows:    3. 'NVIDIA GeForce GTX 1060 with Max-Q Design' (P:0 D:1)
[2023.12.07-18.08.17:095][  0]LogWindows: DebugString: PrimaryIsNotTheChoosenAdapter PrimaryIsNotTheChoosenAdapter PrimaryIsNotTheChoosenAdapter 
[2023.12.07-18.08.17:095][  0]LogD3D11RHI:     Adapter Name: NVIDIA GeForce GTX 1060 with Max-Q Design
[2023.12.07-18.08.17:095][  0]LogD3D11RHI:   Driver Version: 537.34 (internal:31.0.15.3734, unified:537.34)
[2023.12.07-18.08.17:095][  0]LogD3D11RHI:      Driver Date: 9-1-2023
[2023.12.07-18.08.17:095][  0]LogRHI: Texture pool is 4230 MB (70% of 6043 MB)
[2023.12.07-18.08.17:095][  0]LogD3D11RHI: Creating D3DDevice using adapter:
[2023.12.07-18.08.17:095][  0]LogD3D11RHI:     Description : NVIDIA GeForce GTX 1060 with Max-Q Design
[2023.12.07-18.08.17:095][  0]LogD3D11RHI:     VendorId    : 10de
[2023.12.07-18.08.17:095][  0]LogD3D11RHI:     DeviceId    : 1c20
[2023.12.07-18.08.17:095][  0]LogD3D11RHI:     SubSysId    : 8251028
[2023.12.07-18.08.17:095][  0]LogD3D11RHI:     Revision    : 00a1
[2023.12.07-18.08.17:095][  0]LogD3D11RHI:     DedicatedVideoMemory : 6336544768 bytes
[2023.12.07-18.08.17:095][  0]LogD3D11RHI:     DedicatedSystemMemory : 0 bytes
[2023.12.07-18.08.17:095][  0]LogD3D11RHI:     SharedSystemMemory : 8481474560 bytes
[2023.12.07-18.08.17:095][  0]LogD3D11RHI:     AdapterLuid : 0 64431
[2023.12.07-18.08.17:274][  0]LogD3D11RHI: RHI has support for 64 bit atomics
[2023.12.07-18.08.17:275][  0]LogD3D11RHI: Async texture creation enabled
[2023.12.07-18.08.17:275][  0]LogD3D11RHI: Array index from any shader is supported
[2023.12.07-18.08.17:341][  0]LogD3D11RHI: GPU Timing Frequency: 1000.000000 (Debug: 2 1)
[2023.12.07-18.08.17:425][  0]LogRHI: GeForceNow SDK initialized: 1
[2023.12.07-18.08.18:100][  0]LogTargetPlatformManager: Display: Loaded TargetPlatform 'AllDesktop'
[2023.12.07-18.08.18:138][  0]LogTargetPlatformManager: Display: Loaded TargetPlatform 'Android'
[2023.12.07-18.08.18:138][  0]LogTargetPlatformManager: Display: Loaded TargetPlatform 'Android_ASTC'
[2023.12.07-18.08.18:138][  0]LogTargetPlatformManager: Display: Loaded TargetPlatform 'Android_DXT'
[2023.12.07-18.08.18:138][  0]LogTargetPlatformManager: Display: Loaded TargetPlatform 'Android_ETC2'
[2023.12.07-18.08.18:138][  0]LogTargetPlatformManager: Display: Loaded TargetPlatform 'AndroidClient'
[2023.12.07-18.08.18:138][  0]LogTargetPlatformManager: Display: Loaded TargetPlatform 'Android_ASTCClient'
[2023.12.07-18.08.18:138][  0]LogTargetPlatformManager: Display: Loaded TargetPlatform 'Android_DXTClient'
[2023.12.07-18.08.18:138][  0]LogTargetPlatformManager: Display: Loaded TargetPlatform 'Android_ETC2Client'
[2023.12.07-18.08.18:138][  0]LogTargetPlatformManager: Display: Loaded TargetPlatform 'Android_Multi'
[2023.12.07-18.08.18:138][  0]LogTargetPlatformManager: Display: Loaded TargetPlatform 'Android_MultiClient'
[2023.12.07-18.08.18:169][  0]LogTargetPlatformManager: Display: Loaded TargetPlatform 'IOSClient'
[2023.12.07-18.08.18:169][  0]LogTargetPlatformManager: Display: Loaded TargetPlatform 'IOS'
[2023.12.07-18.08.18:191][  0]LogTargetPlatformManager: Display: Loaded TargetPlatform 'Linux'
[2023.12.07-18.08.18:199][  0]LogTargetPlatformManager: Display: Loaded TargetPlatform 'LinuxNoEditor'
[2023.12.07-18.08.18:206][  0]LogTargetPlatformManager: Display: Loaded TargetPlatform 'LinuxClient'
[2023.12.07-18.08.18:213][  0]LogTargetPlatformManager: Display: Loaded TargetPlatform 'LinuxServer'
[2023.12.07-18.08.18:229][  0]LogTargetPlatformManager: Display: Loaded TargetPlatform 'LinuxAArch64NoEditor'
[2023.12.07-18.08.18:236][  0]LogTargetPlatformManager: Display: Loaded TargetPlatform 'LinuxAArch64Client'
[2023.12.07-18.08.18:244][  0]LogTargetPlatformManager: Display: Loaded TargetPlatform 'LinuxAArch64Server'
[2023.12.07-18.08.18:290][  0]LogTargetPlatformManager: Display: Loaded TargetPlatform 'Lumin'
[2023.12.07-18.08.18:290][  0]LogTargetPlatformManager: Display: Loaded TargetPlatform 'LuminClient'
[2023.12.07-18.08.18:304][  0]LogTargetPlatformManager: Display: Loaded TargetPlatform 'MacNoEditor'
[2023.12.07-18.08.18:312][  0]LogTargetPlatformManager: Display: Loaded TargetPlatform 'Mac'
[2023.12.07-18.08.18:319][  0]LogTargetPlatformManager: Display: Loaded TargetPlatform 'MacClient'
[2023.12.07-18.08.18:327][  0]LogTargetPlatformManager: Display: Loaded TargetPlatform 'MacServer'
[2023.12.07-18.08.18:351][  0]LogTargetPlatformManager: Display: Loaded TargetPlatform 'TVOSClient'
[2023.12.07-18.08.18:351][  0]LogTargetPlatformManager: Display: Loaded TargetPlatform 'TVOS'
[2023.12.07-18.08.18:368][  0]LogTargetPlatformManager: Display: Loaded TargetPlatform 'WindowsNoEditor'
[2023.12.07-18.08.18:376][  0]LogTargetPlatformManager: Display: Loaded TargetPlatform 'Windows'
[2023.12.07-18.08.18:383][  0]LogTargetPlatformManager: Display: Loaded TargetPlatform 'WindowsClient'
[2023.12.07-18.08.18:391][  0]LogTargetPlatformManager: Display: Loaded TargetPlatform 'WindowsServer'
[2023.12.07-18.08.18:392][  0]LogTargetPlatformManager: Display: Building Assets For Windows
[2023.12.07-18.08.18:405][  0]LogAudioDebug: Display: Lib vorbis DLL was dynamically loaded.
[2023.12.07-18.08.18:466][  0]LogTextureFormatOodle: Display: Oodle Texture 2.9.0 init RDO Off
[2023.12.07-18.08.18:530][  0]LogRendererCore: Ray tracing is disabled. Reason: r.RayTracing=0.
[2023.12.07-18.08.18:530][  0]LogShaderCompilers: Guid format shader working directory is -27 characters bigger than the processId version (../../../../../Users/zizok/Documents/Unreal Projects/BloodOath/BloodOath/Intermediate/Shaders/WorkingDirectory/24328/).
[2023.12.07-18.08.18:531][  0]LogShaderCompilers: Cleaned the shader compiler working directory 'C:/Users/zizok/AppData/Local/Temp/UnrealShaderWorkingDir/F416D3494DC787A656DC19A3AC7FABEA/'.
[2023.12.07-18.08.18:531][  0]LogXGEController: Cannot use XGE Controller as Incredibuild is not installed on this machine.
[2023.12.07-18.08.18:531][  0]LogShaderCompilers: Cannot use XGE Shader Compiler as Incredibuild is not installed on this machine.
[2023.12.07-18.08.18:531][  0]LogShaderCompilers: Display: Using Local Shader Compiler.
[2023.12.07-18.08.19:923][  0]LogDerivedDataCache: Display: Max Cache Size: 512 MB
[2023.12.07-18.08.20:015][  0]LogDerivedDataCache: Loaded boot cache 0.09s 94MB C:/Users/zizok/AppData/Local/UnrealEngine/4.27/DerivedDataCache/Boot.ddc.
[2023.12.07-18.08.20:015][  0]LogDerivedDataCache: Display: Loaded Boot cache: C:/Users/zizok/AppData/Local/UnrealEngine/4.27/DerivedDataCache/Boot.ddc
[2023.12.07-18.08.20:015][  0]LogDerivedDataCache: FDerivedDataBackendGraph:  Pak pak cache file ../../../../../Users/zizok/Documents/Unreal Projects/BloodOath/BloodOath/DerivedDataCache/DDC.ddp not found, will not use a pak cache.
[2023.12.07-18.08.20:015][  0]LogDerivedDataCache: Unable to find inner node Pak for hierarchical cache Hierarchy.
[2023.12.07-18.08.20:015][  0]LogDerivedDataCache: FDerivedDataBackendGraph:  CompressedPak pak cache file ../../../../../Users/zizok/Documents/Unreal Projects/BloodOath/BloodOath/DerivedDataCache/Compressed.ddp not found, will not use a pak cache.
[2023.12.07-18.08.20:015][  0]LogDerivedDataCache: Unable to find inner node CompressedPak for hierarchical cache Hierarchy.
[2023.12.07-18.08.20:045][  0]LogDerivedDataCache: Display: Pak cache opened for reading ../../../Engine/DerivedDataCache/Compressed.ddp.
[2023.12.07-18.08.20:045][  0]LogDerivedDataCache: FDerivedDataBackendGraph:  EnterprisePak pak cache file ../../../Enterprise/DerivedDataCache/Compressed.ddp not found, will not use a pak cache.
[2023.12.07-18.08.20:045][  0]LogDerivedDataCache: Unable to find inner node EnterprisePak for hierarchical cache Hierarchy.
[2023.12.07-18.08.20:058][  0]LogDerivedDataCache: Speed tests for C:/Users/zizok/AppData/Local/UnrealEngine/Common/DerivedDataCache took 0.01 seconds
[2023.12.07-18.08.20:058][  0]LogDerivedDataCache: Display: Performance to C:/Users/zizok/AppData/Local/UnrealEngine/Common/DerivedDataCache: Latency=0.05ms. RandomReadSpeed=674.76MBs, RandomWriteSpeed=89.02MBs. Assigned SpeedClass 'Local'
[2023.12.07-18.08.20:059][  0]LogDerivedDataCache: Using Local data cache path C:/Users/zizok/AppData/Local/UnrealEngine/Common/DerivedDataCache: Writable
[2023.12.07-18.08.20:059][  0]LogDerivedDataCache: Shared data cache path not found in *engine.ini, will not use an Shared cache.
[2023.12.07-18.08.20:059][  0]LogDerivedDataCache: Unable to find inner node Shared for hierarchical cache Hierarchy.
[2023.12.07-18.08.20:147][  0]LogSlate: Using FreeType 2.10.0
[2023.12.07-18.08.20:147][  0]LogSlate: SlateFontServices - WITH_FREETYPE: 1, WITH_HARFBUZZ: 1
[2023.12.07-18.08.20:200][  0]LogAssetRegistry: FAssetRegistry took 0.0041 seconds to start up
[2023.12.07-18.08.20:742][  0]LogInit: Selected Device Profile: [Windows]
[2023.12.07-18.08.20:742][  0]LogInit: Active device profile: [000001C669333E00][000001C66861ED80 49] Windows
[2023.12.07-18.08.20:742][  0]LogInit: Profiles: [000001C669333E00][000001C66861ED80 49] Windows, [000001C6692EC300][000001C668626F00 49] WindowsNoEditor, [000001C669330300][000001C66862B080 49] WindowsServer, [000001C6692EDC00][000001C66862F200 49] WindowsClient, [000001C669331A00][000001C668633380 49] IOS, [000001C6692ECE00][000001C668637500 49] iPadAir, [000001C669330D00][000001C66863B680 49] iPadAir2, [000001C6692B0400][000001C668643940 49] IPadPro, [000001C6692B0500][000001C66863F980 49] iPadAir3, [000001C669330500][000001C668647B00 49] iPadAir4, [000001C6692B3A00][000001C66864A100 49] iPadMini2, [000001C669330700][000001C66864E280 49] iPadMini3, [000001C6692B1400][000001C668652400 49] iPadMini4, [000001C669333C00][000001C668656580 49] iPadMini5, [000001C6692A3C00][000001C66865E840 49] iPhone6, [000001C6692A3D00][000001C66865A880 49] iPodTouch6, [000001C6692B3300][000001C668662AC0 49] iPhone7, [000001C6692B3200][000001C668622B00 49] iPodTouch7, [000001C6692A0800][000001C668666C40 49] iPhone5S, [000001C6692B2000][000001C66866AD80 49] iPhone6Plus, [000001C6692A3000][000001C668672F00 49] iPhone6S, [000001C6692B0300][000001C668677080 49] iPhone6SPlus, [000001C6692A1100][000001C66867B200 49] iPhone7Plus, [000001C6692B1600][000001C669691380 49] iPhoneSE, [000001C6692A2700][000001C669695500 49] iPhone8, [000001C6692B1C00][000001C669699680 49] iPhone8Plus, [000001C6692A3800][000001C66969D800 49] iPhoneX, [000001C6692B3C00][000001C6696A1980 49] iPhoneXS, [000001C6692A0900][000001C6696A5B00 49] iPhoneXSMax, [000001C6692B0F00][000001C6696A8100 49] iPhoneXR, [000001C6692A2E00][000001C6696AC280 49] iPhone11, [000001C6692B1800][000001C6696B0400 49] iPhone11Pro, [000001C6692A1300][000001C6696B4580 49] iPhone11ProMax, [000001C6692B0200][000001C6696B8700 49] iPhoneSE2, [000001C6692A3E00][000001C6696BC880 49] iPhone12Mini, [000001C6692B3700][000001C6696C0A00 49] iPhone12, [000001C6692A2000][000001C66866EB40 49] iPhone12Pro, [000001C6692B3500][000001C6696C4C80 49] iPhone12ProMax, [000001C6692A1400][000001C6696C8DC0 49] iPadPro105, [000001C6692B2600][000001C6696CCF00 49] iPadPro129, [000001C6692A1700][000001C6696D5080 49] iPadPro97, [000001C6692B1200][000001C6696D9200 49] iPadPro2_129, [000001C6692A0F00][000001C6696DD380 49] iPad5, [000001C6692B2F00][000001C6696E1500 49] iPad6, [000001C6692A2100][000001C6696E5680 49] iPad7, [000001C6692B0100][000001C6696E9800 49] iPad8, [000001C6692A1800][000001C6696ED980 49] iPadPro11, [000001C6692B1900][000001C6696F1B00 49] iPadPro2_11, [000001C6692A2500][000001C6696F4100 49] iPadPro3_129, [000001C6692B3E00][000001C6696F8280 49] iPadPro4_129, [000001C6692A0100][000001C6696FC400 49] AppleTV, [000001C6692B1B00][000001C669700580 49] AppleTV4K, [000001C6692A2800][000001C669704700 49] TVOS, [000001C6692B3100][000001C669708880 49] Mac, [000001C6692A3500][000001C66970CA00 49] MacClient, [000001C6692B3600][000001C669710B80 49] MacNoEditor, [000001C6692A3B00][000001C669714D00 49] MacServer, [000001C6692B1D00][000001C6696D0E40 49] Linux, [000001C6692A3900][000001C669718F80 49] LinuxAArch64, [000001C6692B0800][000001C66971D0C0 49] LinuxNoEditor, [000001C6692A1200][000001C669725240 49] LinuxAArch64NoEditor, [000001C6692B3900][000001C6697293C0 49] LinuxClient, [000001C6692A3200][000001C66972D540 49] LinuxAArch64Client, [000001C6692B0A00][000001C6697316C0 49] LinuxServer, [000001C6692A1600][000001C669735840 49] LinuxAArch64Server, [000001C669378500][000001C6697399C0 49] Android, [000001C6692EFA00][000001C66973DB40 49] Android_Low, [000001C669378600][000001C669740140 49] Android_Mid, [000001C6692EC500][000001C6697442C0 49] Android_High, [000001C66937B000][000001C669748440 49] Android_Default, [000001C6692EDD00][000001C66974C5C0 49] Android_Adreno4xx, [000001C669378300][000001C669750740 49] Android_Adreno5xx_Low, [000001C6692EE900][000001C6697548C0 49] Android_Adreno5xx, [000001C669379600][000001C669758A40 49] Android_Adreno6xx, [000001C6692EF200][000001C66975CBC0 49] Android_Adreno6xx_Vulkan, [000001C66937A600][000001C669760D40 49] Android_Mali_T6xx, [000001C6692EF100][000001C669764EC0 49] Android_Mali_T7xx, [000001C669379900][000001C669721000 49] Android_Mali_T8xx, [000001C6692ED600][000001C669769140 49] Android_Mali_G71, [000001C66937A800][000001C66976D280 49] Android_Mali_G72, [000001C6692ED000][000001C6697713C0 49] Android_Mali_G72_Vulkan, [000001C669379300][000001C669779540 49] Android_Mali_G76, [000001C6692ED900][000001C66977D6C0 49] Android_Mali_G76_Vulkan, [000001C66937A500][000001C669781840 49] Android_Mali_G77, [000001C6692EF700][000001C6697859C0 49] Android_Mali_G77_Vulkan, [000001C66937AE00][000001C669789B40 49] Android_Mali_G78, [000001C6692EF500][000001C66978C140 49] Android_Mali_G78_Vulkan, [000001C669378F00][000001C6697902C0 49] Android_Mali_G710, [000001C6692EF400][000001C669794440 49] Android_Mali_G710_Vulkan, [000001C669378400][000001C6697985C0 49] Android_Vulkan_SM5, [000001C6692EFE00][000001C66979C740 49] Android_PowerVR_G6xxx, [000001C66937A900][000001C6697A08C0 49] Android_PowerVR_GT7xxx, [000001C6692B2C00][000001C6697A4A40 49] Android_PowerVR_GE8xxx, [000001C66937AD00][000001C6697A8BC0 49] Android_PowerVR_GM9xxx, [000001C6692B3800][000001C6697ACD40 49] Android_PowerVR_GM9xxx_Vulkan, [000001C669378E00][000001C6697B0EC0 49] Android_TegraK1, [000001C6692B2300][000001C6697B5040 49] Android_Unknown_Vulkan, [000001C669379D00][000001C669775180 49] Lumin, [000001C6692B2D00][000001C6697B92C0 49] Lumin_Desktop, [000001C66937AB00][000001C6697BD400 49] HoloLens, 
[2023.12.07-18.08.21:111][  0]LogMeshReduction: Using QuadricMeshReduction for automatic static mesh reduction
[2023.12.07-18.08.21:113][  0]LogMeshReduction: Using SimplygonMeshReduction for automatic skeletal mesh reduction
[2023.12.07-18.08.21:113][  0]LogMeshReduction: Using ProxyLODMeshReduction for automatic mesh merging
[2023.12.07-18.08.21:113][  0]LogMeshReduction: No distributed automatic mesh merging module available
[2023.12.07-18.08.21:113][  0]LogMeshMerging: No distributed automatic mesh merging module available
[2023.12.07-18.08.21:164][  0]LogNetVersion: BloodOath 1.0.0, NetCL: 17155196, EngineNetVer: 17, GameNetVer: 0 (Checksum: 3174417363)
[2023.12.07-18.08.22:280][  0]LogTexture: Default maximum texture size for cubemaps generated from long-lat sources has been changed from 512 to unlimited. In order to preserve old behaiour for '/Engine/MapTemplates/Sky/DaylightAmbientCubemap.DaylightAmbientCubemap', its maximum texture size has been explicitly set to 512.
[2023.12.07-18.08.22:411][  0]LogHMD: PokeAHoleMaterial loaded successfully
[2023.12.07-18.08.22:425][  0]LogUObjectArray: 17178 objects as part of root set at end of initial load.
[2023.12.07-18.08.22:426][  0]LogUObjectAllocator: 4302048 out of 0 bytes used by permanent object pool.
[2023.12.07-18.08.22:426][  0]LogUObjectArray: CloseDisregardForGC: 0/0 objects in disregard for GC pool
[2023.12.07-18.08.22:829][  0]LogNiagaraDebuggerClient: Niagara Debugger Client Initialized | Session: 4580B63247F47DAA5D83F7ADED4F5357 | Instance: 950B7A824B19769FFEB20BB8D097C1AE (DESKTOP-RMJ4MHH-24328).
[2023.12.07-18.08.22:917][  0]LogPython: Using Python 3.7.7
[2023.12.07-18.08.24:470][  0]LogTcpMessaging: Initializing TcpMessaging bridge
[2023.12.07-18.08.24:502][  0]LogUdpMessaging: Initializing bridge on interface 0.0.0.0:0 to multicast group 230.0.0.1:6666.
[2023.12.07-18.08.25:141][  0]LogOpenImageDenoise: OIDN starting up
[2023.12.07-18.08.25:236][  0]LogAndroidPermission: UAndroidPermissionCallbackProxy::GetInstance
[2023.12.07-18.08.25:272][  0]LogAudioCaptureCore: Display: No Audio Capture implementations found. Audio input will be silent.
[2023.12.07-18.08.25:272][  0]LogAudioCaptureCore: Display: No Audio Capture implementations found. Audio input will be silent.
[2023.12.07-18.08.25:477][  0]SourceControl: Source control is disabled
[2023.12.07-18.08.25:477][  0]SourceControl: Source control is disabled
[2023.12.07-18.08.25:483][  0]SourceControl: Source control is disabled
[2023.12.07-18.08.25:492][  0]SourceControl: Source control is disabled
[2023.12.07-18.08.25:498][  0]SourceControl: Source control is disabled
[2023.12.07-18.08.25:515][  0]LogUProjectInfo: Found projects:
[2023.12.07-18.08.25:654][  0]LogOcInput: OculusInput pre-init called
[2023.12.07-18.08.26:004][  0]LogCollectionManager: Loaded 0 collections in 0.002939 seconds
[2023.12.07-18.08.26:105][  0]LogFileCache: Scanning file cache for directory 'C:/Users/zizok/Documents/Unreal Projects/BloodOath/BloodOath/Saved/Collections/' took 0.00s
[2023.12.07-18.08.26:105][  0]LogFileCache: Scanning file cache for directory 'C:/Users/zizok/Documents/Unreal Projects/BloodOath/BloodOath/Content/Developers/zizok/Collections/' took 0.00s
[2023.12.07-18.08.26:105][  0]LogFileCache: Scanning file cache for directory 'C:/Users/zizok/Documents/Unreal Projects/BloodOath/BloodOath/Content/Collections/' took 0.00s
[2023.12.07-18.08.26:105][  0]LogEngine: Initializing Engine...
[2023.12.07-18.08.26:238][  0]LogHMD: Failed to enumerate extensions. Please check that you have a valid OpenXR runtime installed.
[2023.12.07-18.08.26:238][  0]LogHMD: Failed to initialize OpenVR with code 110
[2023.12.07-18.08.26:238][  0]LogMagicLeap: Warning: VR disabled because ZI is not enabled.  To enable, in the editor, Edit -> Project Settings -> Plugins -> Magic Leap Plugin -> Enable Zero Iteration
[2023.12.07-18.08.26:240][  0]LogStats: UGameplayTagsManager::InitializeManager -  0.000 s
[2023.12.07-18.08.26:461][  0]LogInit: Initializing FReadOnlyCVARCache
[2023.12.07-18.08.26:489][  0]LogAIModule: Creating AISystem for world Untitled
[2023.12.07-18.08.26:490][  0]LogAudio: Display: Initializing Audio Device Manager...
[2023.12.07-18.08.26:495][  0]LogAudio: Display: Loading Default Audio Settings Objects...
[2023.12.07-18.08.26:496][  0]LogAudio: Display: No default SoundConcurrencyObject specified (or failed to load).
[2023.12.07-18.08.26:497][  0]LogAudio: Display: Audio Device Manager Initialized
[2023.12.07-18.08.26:497][  0]LogAudio: Display: Creating Audio Device:                 Id: 1, Scope: Shared, Realtime: True
[2023.12.07-18.08.26:497][  0]LogAudioMixer: Display: Audio Mixer Platform Settings:
[2023.12.07-18.08.26:497][  0]LogAudioMixer: Display: 	Sample Rate:						  48000
[2023.12.07-18.08.26:497][  0]LogAudioMixer: Display: 	Callback Buffer Frame Size Requested: 1024
[2023.12.07-18.08.26:497][  0]LogAudioMixer: Display: 	Callback Buffer Frame Size To Use:	  1024
[2023.12.07-18.08.26:497][  0]LogAudioMixer: Display: 	Number of buffers to queue:			  2
[2023.12.07-18.08.26:497][  0]LogAudioMixer: Display: 	Max Channels (voices):				  32
[2023.12.07-18.08.26:497][  0]LogAudioMixer: Display: 	Number of Async Source Workers:		  0
[2023.12.07-18.08.26:497][  0]LogAudio: Display: AudioDevice MaxSources: 32
[2023.12.07-18.08.26:498][  0]LogAudio: Display: Audio Spatialization Plugin: None (built-in).
[2023.12.07-18.08.26:498][  0]LogAudio: Display: Audio Reverb Plugin: None (built-in).
[2023.12.07-18.08.26:498][  0]LogAudio: Display: Audio Occlusion Plugin: None (built-in).
[2023.12.07-18.08.26:498][  0]LogAudioMixer: Display: Initializing audio mixer.
[2023.12.07-18.08.26:525][  0]LogAudioMixer: Display: 0: FrontLeft
[2023.12.07-18.08.26:525][  0]LogAudioMixer: Display: 1: FrontRight
[2023.12.07-18.08.26:552][  0]LogAudioMixer: Display: Using Audio Device Headphones (Realtek(R) Audio)
[2023.12.07-18.08.26:556][  0]LogAudioMixer: Display: Initializing Sound Submixes...
[2023.12.07-18.08.26:560][  0]LogAudioMixer: Display: Creating Master Submix 'MasterSubmixDefault'
[2023.12.07-18.08.26:560][  0]LogAudioMixer: Display: Creating Master Submix 'MasterReverbSubmixDefault'
[2023.12.07-18.08.26:562][  0]LogAudioMixer: Display: Creating Master Submix 'MasterEQSubmixDefault'
[2023.12.07-18.08.26:562][  0]LogAudioMixer: FMixerPlatformXAudio2::StartAudioStream() called
[2023.12.07-18.08.26:562][  0]LogAudioMixer: Display: Output buffers initialized: Frames=1024, Channels=2, Samples=2048
[2023.12.07-18.08.26:564][  0]LogAudioMixer: Display: Starting AudioMixerPlatformInterface::RunInternal()
[2023.12.07-18.08.26:564][  0]LogAudioMixer: Display: FMixerPlatformXAudio2::SubmitBuffer() called for the first time
[2023.12.07-18.08.26:564][  0]LogInit: FAudioDevice initialized.
[2023.12.07-18.08.26:564][  0]LogAudio: Display: Audio Device (ID: 1) registered with world 'Untitled'.
[2023.12.07-18.08.26:564][  0]LogNetVersion: Set ProjectVersion to 1.0.0.0. Version Checksum will be recalculated on next use.
[2023.12.07-18.08.26:689][  0]LogDerivedDataCache: Saved boot cache 0.13s 94MB C:/Users/zizok/AppData/Local/UnrealEngine/4.27/DerivedDataCache/Boot.ddc.
[2023.12.07-18.08.26:690][  0]LogInit: Texture streaming: Enabled
[2023.12.07-18.08.26:709][  0]LogAnalytics: Display: [UEEditor.Rocket.Release] APIServer = https://datarouter.ol.epicgames.com/. AppVersion = 4.27.2-18319896+++UE4+Release-4.27
[2023.12.07-18.08.26:715][  0]LogEngineSessionManager: EngineSessionManager initialized
[2023.12.07-18.08.26:715][  0]LogEditorSessionSummary: Verbose: Initializing EditorSessionSummaryWriter for editor session tracking
[2023.12.07-18.08.26:721][  0]LogEditorSessionSummary: EditorSessionSummaryWriter initialized
[2023.12.07-18.08.26:748][  0]LogInit: Transaction tracking system initialized
[2023.12.07-18.08.26:783][  0]BlueprintLog: New page: Editor Load
[2023.12.07-18.08.26:920][  0]LocalizationService: Localization service is disabled
[2023.12.07-18.08.26:961][  0]TimingProfiler: Initialize
[2023.12.07-18.08.26:961][  0]TimingProfiler: OnSessionChanged
[2023.12.07-18.08.26:961][  0]LoadingProfiler: Initialize
[2023.12.07-18.08.26:962][  0]LoadingProfiler: OnSessionChanged
[2023.12.07-18.08.26:962][  0]NetworkingProfiler: Initialize
[2023.12.07-18.08.26:962][  0]NetworkingProfiler: OnSessionChanged
[2023.12.07-18.08.26:962][  0]MemoryProfiler: Initialize
[2023.12.07-18.08.26:962][  0]MemoryProfiler: OnSessionChanged
[2023.12.07-18.08.27:251][  0]LogCook: Display: CookSettings for Memory: MemoryMaxUsedVirtual 0MiB, MemoryMaxUsedPhysical 16384MiB, MemoryMinFreeVirtual 0MiB, MemoryMinFreePhysical 1024MiB
[2023.12.07-18.08.27:251][  0]LogCook: Display: Mobile HDR setting 1
[2023.12.07-18.08.27:564][  0]LogFileCache: Scanning file cache for directory 'C:/Users/zizok/Documents/Unreal Projects/BloodOath/BloodOath/Content/' took 0.00s
[2023.12.07-18.08.27:902][  0]LogInit: Display: Engine is initialized. Leaving FEngineLoop::Init()
[2023.12.07-18.08.27:911][  0]SourceControl: Source control is disabled
[2023.12.07-18.08.27:911][  0]LogUnrealEdMisc: Loading editor; pre map load, took 14.329
[2023.12.07-18.08.27:911][  0]Cmd: MAP LOAD FILE="../../../Engine/Content/Maps/Templates/Template_Default.umap" TEMPLATE=1 SHOWPROGRESS=1 FEATURELEVEL=3
[2023.12.07-18.08.27:912][  0]LightingResults: New page: Lighting Build
[2023.12.07-18.08.27:914][  0]LogWorld: UWorld::CleanupWorld for Untitled, bSessionEnded=true, bCleanupResources=true
[2023.12.07-18.08.27:914][  0]LogSlate: InvalidateAllWidgets triggered.  All widgets were invalidated
[2023.12.07-18.08.27:914][  0]MapCheck: New page: Map Check
[2023.12.07-18.08.27:914][  0]LightingResults: New page: Lighting Build
[2023.12.07-18.08.27:925][  0]LogAudio: Display: Audio Device unregistered from world 'None'.
[2023.12.07-18.08.27:931][  0]LogUObjectHash: Compacting FUObjectHashTables data took   1.86ms
[2023.12.07-18.08.28:031][  0]LogTexture: Display: Building textures: DeprecatedTextureEB9CBE3C423008B5E8E130901E171C89 (BGRA8, 128X128)
[2023.12.07-18.08.28:037][  0]LogAudio: Display: Audio Device (ID: 1) registered with world 'Untitled_1'.
[2023.12.07-18.08.28:039][  0]LogAIModule: Creating AISystem for world Untitled_1
[2023.12.07-18.08.28:045][  0]LogEditorServer: Finished looking for orphan Actors (0.000 secs)
[2023.12.07-18.08.28:055][  0]LogUObjectHash: Compacting FUObjectHashTables data took   1.32ms
[2023.12.07-18.08.28:056][  0]Cmd: MAP CHECKDEP NOCLEARLOG
[2023.12.07-18.08.28:056][  0]MapCheck: Map check complete: 0 Error(s), 0 Warning(s), took 0.27ms to complete.
[2023.12.07-18.08.28:056][  0]LogFileHelpers: Loading map 'Template_Default' took 0.145
[2023.12.07-18.08.28:059][  0]LogUnrealEdMisc: Total Editor Startup Time, took 14.476
[2023.12.07-18.08.28:440][  0]LogSlate: Updating window title bar state: overlay mode, drag disabled, window buttons hidden, title bar hidden
[2023.12.07-18.08.28:452][  0]LogSlate: Updating window title bar state: overlay mode, drag disabled, window buttons hidden, title bar hidden
[2023.12.07-18.08.28:462][  0]LogSlate: Updating window title bar state: overlay mode, drag disabled, window buttons hidden, title bar hidden
[2023.12.07-18.08.28:473][  0]LogSlate: Updating window title bar state: overlay mode, drag disabled, window buttons hidden, title bar hidden
[2023.12.07-18.08.28:543][  0]LogNativeClassHierarchy: Verbose: Native class hierarchy populated in 0.0154 seconds. Added 3822 classes and 928 folders.
[2023.12.07-18.08.28:554][  0]LogNativeClassHierarchy: Verbose: Native class hierarchy updated for 'WidgetCarousel' in 0.0004 seconds. Added 0 classes and 0 folders.
[2023.12.07-18.08.28:556][  0]LogPakFile: PakFile PrimaryIndexSize=187
[2023.12.07-18.08.28:556][  0]LogPakFile: PakFile PathHashIndexSize=101
[2023.12.07-18.08.28:556][  0]LogPakFile: PakFile FullDirectoryIndexSize=148
[2023.12.07-18.08.28:556][  0]LogShaderLibrary: Display: ShaderCodeLibraryPakFileMountedCallback: PakFile 'C:/Program Files (x86)/UE_4.27/FeaturePacks/FP_FirstPerson.upack' (chunk index -1, root 'root:/') mounted
[2023.12.07-18.08.28:556][  0]LogShaderLibrary: Display: ShaderCodeLibraryPakFileMountedCallback: pending pak file info (ChunkID:-1 Root:root:/ File:C:/Program Files (x86)/UE_4.27/FeaturePacks/FP_FirstPerson.upack)
[2023.12.07-18.08.28:556][  0]LogPakFile: OnPakFileMounted2Time == 0.000093
[2023.12.07-18.08.28:558][  0]LogPakFile: PakFile PrimaryIndexSize=189
[2023.12.07-18.08.28:558][  0]LogPakFile: PakFile PathHashIndexSize=101
[2023.12.07-18.08.28:558][  0]LogPakFile: PakFile FullDirectoryIndexSize=152
[2023.12.07-18.08.28:558][  0]LogShaderLibrary: Display: ShaderCodeLibraryPakFileMountedCallback: PakFile 'C:/Program Files (x86)/UE_4.27/FeaturePacks/FP_FirstPersonBP.upack' (chunk index -1, root 'root:/') mounted
[2023.12.07-18.08.28:558][  0]LogShaderLibrary: Display: ShaderCodeLibraryPakFileMountedCallback: pending pak file info (ChunkID:-1 Root:root:/ File:C:/Program Files (x86)/UE_4.27/FeaturePacks/FP_FirstPersonBP.upack)
[2023.12.07-18.08.28:558][  0]LogPakFile: OnPakFileMounted2Time == 0.000068
[2023.12.07-18.08.28:559][  0]LogPakFile: PakFile PrimaryIndexSize=191
[2023.12.07-18.08.28:559][  0]LogPakFile: PakFile PathHashIndexSize=101
[2023.12.07-18.08.28:559][  0]LogPakFile: PakFile FullDirectoryIndexSize=160
[2023.12.07-18.08.28:559][  0]LogShaderLibrary: Display: ShaderCodeLibraryPakFileMountedCallback: PakFile 'C:/Program Files (x86)/UE_4.27/FeaturePacks/MobileStarterContent.upack' (chunk index -1, root 'root:/') mounted
[2023.12.07-18.08.28:559][  0]LogShaderLibrary: Display: ShaderCodeLibraryPakFileMountedCallback: pending pak file info (ChunkID:-1 Root:root:/ File:C:/Program Files (x86)/UE_4.27/FeaturePacks/MobileStarterContent.upack)
[2023.12.07-18.08.28:559][  0]LogPakFile: OnPakFileMounted2Time == 0.000080
[2023.12.07-18.08.28:560][  0]LogPakFile: PakFile PrimaryIndexSize=185
[2023.12.07-18.08.28:560][  0]LogPakFile: PakFile PathHashIndexSize=101
[2023.12.07-18.08.28:560][  0]LogPakFile: PakFile FullDirectoryIndexSize=148
[2023.12.07-18.08.28:560][  0]LogShaderLibrary: Display: ShaderCodeLibraryPakFileMountedCallback: PakFile 'C:/Program Files (x86)/UE_4.27/FeaturePacks/StarterContent.upack' (chunk index -1, root 'root:/') mounted
[2023.12.07-18.08.28:560][  0]LogShaderLibrary: Display: ShaderCodeLibraryPakFileMountedCallback: pending pak file info (ChunkID:-1 Root:root:/ File:C:/Program Files (x86)/UE_4.27/FeaturePacks/StarterContent.upack)
[2023.12.07-18.08.28:560][  0]LogPakFile: OnPakFileMounted2Time == 0.000065
[2023.12.07-18.08.28:561][  0]LogPakFile: PakFile PrimaryIndexSize=190
[2023.12.07-18.08.28:561][  0]LogPakFile: PakFile PathHashIndexSize=101
[2023.12.07-18.08.28:561][  0]LogPakFile: PakFile FullDirectoryIndexSize=154
[2023.12.07-18.08.28:561][  0]LogShaderLibrary: Display: ShaderCodeLibraryPakFileMountedCallback: PakFile 'C:/Program Files (x86)/UE_4.27/FeaturePacks/TP_2DSideScroller.upack' (chunk index -1, root 'root:/') mounted
[2023.12.07-18.08.28:561][  0]LogShaderLibrary: Display: ShaderCodeLibraryPakFileMountedCallback: pending pak file info (ChunkID:-1 Root:root:/ File:C:/Program Files (x86)/UE_4.27/FeaturePacks/TP_2DSideScroller.upack)
[2023.12.07-18.08.28:562][  0]LogPakFile: OnPakFileMounted2Time == 0.000107
[2023.12.07-18.08.28:563][  0]LogPakFile: PakFile PrimaryIndexSize=192
[2023.12.07-18.08.28:563][  0]LogPakFile: PakFile PathHashIndexSize=101
[2023.12.07-18.08.28:563][  0]LogPakFile: PakFile FullDirectoryIndexSize=158
[2023.12.07-18.08.28:563][  0]LogShaderLibrary: Display: ShaderCodeLibraryPakFileMountedCallback: PakFile 'C:/Program Files (x86)/UE_4.27/FeaturePacks/TP_2DSideScrollerBP.upack' (chunk index -1, root 'root:/') mounted
[2023.12.07-18.08.28:563][  0]LogShaderLibrary: Display: ShaderCodeLibraryPakFileMountedCallback: pending pak file info (ChunkID:-1 Root:root:/ File:C:/Program Files (x86)/UE_4.27/FeaturePacks/TP_2DSideScrollerBP.upack)
[2023.12.07-18.08.28:563][  0]LogPakFile: OnPakFileMounted2Time == 0.000062
[2023.12.07-18.08.28:564][  0]LogPakFile: PakFile PrimaryIndexSize=182
[2023.12.07-18.08.28:564][  0]LogPakFile: PakFile PathHashIndexSize=101
[2023.12.07-18.08.28:564][  0]LogPakFile: PakFile FullDirectoryIndexSize=138
[2023.12.07-18.08.28:564][  0]LogShaderLibrary: Display: ShaderCodeLibraryPakFileMountedCallback: PakFile 'C:/Program Files (x86)/UE_4.27/FeaturePacks/TP_Flying.upack' (chunk index -1, root 'root:/') mounted
[2023.12.07-18.08.28:564][  0]LogShaderLibrary: Display: ShaderCodeLibraryPakFileMountedCallback: pending pak file info (ChunkID:-1 Root:root:/ File:C:/Program Files (x86)/UE_4.27/FeaturePacks/TP_Flying.upack)
[2023.12.07-18.08.28:564][  0]LogPakFile: OnPakFileMounted2Time == 0.000060
[2023.12.07-18.08.28:565][  0]LogPakFile: PakFile PrimaryIndexSize=184
[2023.12.07-18.08.28:565][  0]LogPakFile: PakFile PathHashIndexSize=101
[2023.12.07-18.08.28:565][  0]LogPakFile: PakFile FullDirectoryIndexSize=142
[2023.12.07-18.08.28:565][  0]LogShaderLibrary: Display: ShaderCodeLibraryPakFileMountedCallback: PakFile 'C:/Program Files (x86)/UE_4.27/FeaturePacks/TP_FlyingBP.upack' (chunk index -1, root 'root:/') mounted
[2023.12.07-18.08.28:565][  0]LogShaderLibrary: Display: ShaderCodeLibraryPakFileMountedCallback: pending pak file info (ChunkID:-1 Root:root:/ File:C:/Program Files (x86)/UE_4.27/FeaturePacks/TP_FlyingBP.upack)
[2023.12.07-18.08.28:565][  0]LogPakFile: OnPakFileMounted2Time == 0.000060
[2023.12.07-18.08.28:566][  0]LogPakFile: PakFile PrimaryIndexSize=188
[2023.12.07-18.08.28:566][  0]LogPakFile: PakFile PathHashIndexSize=101
[2023.12.07-18.08.28:566][  0]LogPakFile: PakFile FullDirectoryIndexSize=150
[2023.12.07-18.08.28:566][  0]LogShaderLibrary: Display: ShaderCodeLibraryPakFileMountedCallback: PakFile 'C:/Program Files (x86)/UE_4.27/FeaturePacks/TP_HandheldARBP.upack' (chunk index -1, root 'root:/') mounted
[2023.12.07-18.08.28:567][  0]LogShaderLibrary: Display: ShaderCodeLibraryPakFileMountedCallback: pending pak file info (ChunkID:-1 Root:root:/ File:C:/Program Files (x86)/UE_4.27/FeaturePacks/TP_HandheldARBP.upack)
[2023.12.07-18.08.28:567][  0]LogPakFile: OnPakFileMounted2Time == 0.000069
[2023.12.07-18.08.28:568][  0]LogPakFile: PakFile PrimaryIndexSize=182
[2023.12.07-18.08.28:568][  0]LogPakFile: PakFile PathHashIndexSize=101
[2023.12.07-18.08.28:568][  0]LogPakFile: PakFile FullDirectoryIndexSize=138
[2023.12.07-18.08.28:568][  0]LogShaderLibrary: Display: ShaderCodeLibraryPakFileMountedCallback: PakFile 'C:/Program Files (x86)/UE_4.27/FeaturePacks/TP_Puzzle.upack' (chunk index -1, root 'root:/') mounted
[2023.12.07-18.08.28:568][  0]LogShaderLibrary: Display: ShaderCodeLibraryPakFileMountedCallback: pending pak file info (ChunkID:-1 Root:root:/ File:C:/Program Files (x86)/UE_4.27/FeaturePacks/TP_Puzzle.upack)
[2023.12.07-18.08.28:568][  0]LogPakFile: OnPakFileMounted2Time == 0.000062
[2023.12.07-18.08.28:569][  0]LogPakFile: PakFile PrimaryIndexSize=184
[2023.12.07-18.08.28:569][  0]LogPakFile: PakFile PathHashIndexSize=101
[2023.12.07-18.08.28:569][  0]LogPakFile: PakFile FullDirectoryIndexSize=142
[2023.12.07-18.08.28:569][  0]LogShaderLibrary: Display: ShaderCodeLibraryPakFileMountedCallback: PakFile 'C:/Program Files (x86)/UE_4.27/FeaturePacks/TP_PuzzleBP.upack' (chunk index -1, root 'root:/') mounted
[2023.12.07-18.08.28:569][  0]LogShaderLibrary: Display: ShaderCodeLibraryPakFileMountedCallback: pending pak file info (ChunkID:-1 Root:root:/ File:C:/Program Files (x86)/UE_4.27/FeaturePacks/TP_PuzzleBP.upack)
[2023.12.07-18.08.28:569][  0]LogPakFile: OnPakFileMounted2Time == 0.000063
[2023.12.07-18.08.28:570][  0]LogPakFile: PakFile PrimaryIndexSize=183
[2023.12.07-18.08.28:570][  0]LogPakFile: PakFile PathHashIndexSize=101
[2023.12.07-18.08.28:570][  0]LogPakFile: PakFile FullDirectoryIndexSize=140
[2023.12.07-18.08.28:570][  0]LogShaderLibrary: Display: ShaderCodeLibraryPakFileMountedCallback: PakFile 'C:/Program Files (x86)/UE_4.27/FeaturePacks/TP_Rolling.upack' (chunk index -1, root 'root:/') mounted
[2023.12.07-18.08.28:570][  0]LogShaderLibrary: Display: ShaderCodeLibraryPakFileMountedCallback: pending pak file info (ChunkID:-1 Root:root:/ File:C:/Program Files (x86)/UE_4.27/FeaturePacks/TP_Rolling.upack)
[2023.12.07-18.08.28:570][  0]LogPakFile: OnPakFileMounted2Time == 0.000061
[2023.12.07-18.08.28:572][  0]LogPakFile: PakFile PrimaryIndexSize=185
[2023.12.07-18.08.28:572][  0]LogPakFile: PakFile PathHashIndexSize=101
[2023.12.07-18.08.28:572][  0]LogPakFile: PakFile FullDirectoryIndexSize=144
[2023.12.07-18.08.28:572][  0]LogShaderLibrary: Display: ShaderCodeLibraryPakFileMountedCallback: PakFile 'C:/Program Files (x86)/UE_4.27/FeaturePacks/TP_RollingBP.upack' (chunk index -1, root 'root:/') mounted
[2023.12.07-18.08.28:572][  0]LogShaderLibrary: Display: ShaderCodeLibraryPakFileMountedCallback: pending pak file info (ChunkID:-1 Root:root:/ File:C:/Program Files (x86)/UE_4.27/FeaturePacks/TP_RollingBP.upack)
[2023.12.07-18.08.28:572][  0]LogPakFile: OnPakFileMounted2Time == 0.000063
[2023.12.07-18.08.28:573][  0]LogPakFile: PakFile PrimaryIndexSize=188
[2023.12.07-18.08.28:573][  0]LogPakFile: PakFile PathHashIndexSize=101
[2023.12.07-18.08.28:573][  0]LogPakFile: PakFile FullDirectoryIndexSize=150
[2023.12.07-18.08.28:573][  0]LogShaderLibrary: Display: ShaderCodeLibraryPakFileMountedCallback: PakFile 'C:/Program Files (x86)/UE_4.27/FeaturePacks/TP_SideScroller.upack' (chunk index -1, root 'root:/') mounted
[2023.12.07-18.08.28:573][  0]LogShaderLibrary: Display: ShaderCodeLibraryPakFileMountedCallback: pending pak file info (ChunkID:-1 Root:root:/ File:C:/Program Files (x86)/UE_4.27/FeaturePacks/TP_SideScroller.upack)
[2023.12.07-18.08.28:573][  0]LogPakFile: OnPakFileMounted2Time == 0.000067
[2023.12.07-18.08.28:574][  0]LogPakFile: PakFile PrimaryIndexSize=190
[2023.12.07-18.08.28:574][  0]LogPakFile: PakFile PathHashIndexSize=101
[2023.12.07-18.08.28:574][  0]LogPakFile: PakFile FullDirectoryIndexSize=154
[2023.12.07-18.08.28:574][  0]LogShaderLibrary: Display: ShaderCodeLibraryPakFileMountedCallback: PakFile 'C:/Program Files (x86)/UE_4.27/FeaturePacks/TP_SideScrollerBP.upack' (chunk index -1, root 'root:/') mounted
[2023.12.07-18.08.28:574][  0]LogShaderLibrary: Display: ShaderCodeLibraryPakFileMountedCallback: pending pak file info (ChunkID:-1 Root:root:/ File:C:/Program Files (x86)/UE_4.27/FeaturePacks/TP_SideScrollerBP.upack)
[2023.12.07-18.08.28:574][  0]LogPakFile: OnPakFileMounted2Time == 0.000083
[2023.12.07-18.08.28:575][  0]LogPakFile: PakFile PrimaryIndexSize=187
[2023.12.07-18.08.28:576][  0]LogPakFile: PakFile PathHashIndexSize=101
[2023.12.07-18.08.28:576][  0]LogPakFile: PakFile FullDirectoryIndexSize=148
[2023.12.07-18.08.28:576][  0]LogShaderLibrary: Display: ShaderCodeLibraryPakFileMountedCallback: PakFile 'C:/Program Files (x86)/UE_4.27/FeaturePacks/TP_ThirdPerson.upack' (chunk index -1, root 'root:/') mounted
[2023.12.07-18.08.28:576][  0]LogShaderLibrary: Display: ShaderCodeLibraryPakFileMountedCallback: pending pak file info (ChunkID:-1 Root:root:/ File:C:/Program Files (x86)/UE_4.27/FeaturePacks/TP_ThirdPerson.upack)
[2023.12.07-18.08.28:576][  0]LogPakFile: OnPakFileMounted2Time == 0.000066
[2023.12.07-18.08.28:577][  0]LogPakFile: PakFile PrimaryIndexSize=189
[2023.12.07-18.08.28:577][  0]LogPakFile: PakFile PathHashIndexSize=101
[2023.12.07-18.08.28:577][  0]LogPakFile: PakFile FullDirectoryIndexSize=152
[2023.12.07-18.08.28:577][  0]LogShaderLibrary: Display: ShaderCodeLibraryPakFileMountedCallback: PakFile 'C:/Program Files (x86)/UE_4.27/FeaturePacks/TP_ThirdPersonBP.upack' (chunk index -1, root 'root:/') mounted
[2023.12.07-18.08.28:577][  0]LogShaderLibrary: Display: ShaderCodeLibraryPakFileMountedCallback: pending pak file info (ChunkID:-1 Root:root:/ File:C:/Program Files (x86)/UE_4.27/FeaturePacks/TP_ThirdPersonBP.upack)
[2023.12.07-18.08.28:577][  0]LogPakFile: OnPakFileMounted2Time == 0.000113
[2023.12.07-18.08.28:579][  0]LogPakFile: PakFile PrimaryIndexSize=183
[2023.12.07-18.08.28:579][  0]LogPakFile: PakFile PathHashIndexSize=101
[2023.12.07-18.08.28:579][  0]LogPakFile: PakFile FullDirectoryIndexSize=140
[2023.12.07-18.08.28:579][  0]LogShaderLibrary: Display: ShaderCodeLibraryPakFileMountedCallback: PakFile 'C:/Program Files (x86)/UE_4.27/FeaturePacks/TP_TopDown.upack' (chunk index -1, root 'root:/') mounted
[2023.12.07-18.08.28:579][  0]LogShaderLibrary: Display: ShaderCodeLibraryPakFileMountedCallback: pending pak file info (ChunkID:-1 Root:root:/ File:C:/Program Files (x86)/UE_4.27/FeaturePacks/TP_TopDown.upack)
[2023.12.07-18.08.28:579][  0]LogPakFile: OnPakFileMounted2Time == 0.000085
[2023.12.07-18.08.28:580][  0]LogPakFile: PakFile PrimaryIndexSize=185
[2023.12.07-18.08.28:580][  0]LogPakFile: PakFile PathHashIndexSize=101
[2023.12.07-18.08.28:580][  0]LogPakFile: PakFile FullDirectoryIndexSize=144
[2023.12.07-18.08.28:580][  0]LogShaderLibrary: Display: ShaderCodeLibraryPakFileMountedCallback: PakFile 'C:/Program Files (x86)/UE_4.27/FeaturePacks/TP_TopDownBP.upack' (chunk index -1, root 'root:/') mounted
[2023.12.07-18.08.28:580][  0]LogShaderLibrary: Display: ShaderCodeLibraryPakFileMountedCallback: pending pak file info (ChunkID:-1 Root:root:/ File:C:/Program Files (x86)/UE_4.27/FeaturePacks/TP_TopDownBP.upack)
[2023.12.07-18.08.28:581][  0]LogPakFile: OnPakFileMounted2Time == 0.000063
[2023.12.07-18.08.28:582][  0]LogPakFile: PakFile PrimaryIndexSize=185
[2023.12.07-18.08.28:582][  0]LogPakFile: PakFile PathHashIndexSize=101
[2023.12.07-18.08.28:582][  0]LogPakFile: PakFile FullDirectoryIndexSize=144
[2023.12.07-18.08.28:582][  0]LogShaderLibrary: Display: ShaderCodeLibraryPakFileMountedCallback: PakFile 'C:/Program Files (x86)/UE_4.27/FeaturePacks/TP_TwinStick.upack' (chunk index -1, root 'root:/') mounted
[2023.12.07-18.08.28:582][  0]LogShaderLibrary: Display: ShaderCodeLibraryPakFileMountedCallback: pending pak file info (ChunkID:-1 Root:root:/ File:C:/Program Files (x86)/UE_4.27/FeaturePacks/TP_TwinStick.upack)
[2023.12.07-18.08.28:582][  0]LogPakFile: OnPakFileMounted2Time == 0.000067
[2023.12.07-18.08.28:583][  0]LogPakFile: PakFile PrimaryIndexSize=187
[2023.12.07-18.08.28:583][  0]LogPakFile: PakFile PathHashIndexSize=101
[2023.12.07-18.08.28:583][  0]LogPakFile: PakFile FullDirectoryIndexSize=148
[2023.12.07-18.08.28:583][  0]LogShaderLibrary: Display: ShaderCodeLibraryPakFileMountedCallback: PakFile 'C:/Program Files (x86)/UE_4.27/FeaturePacks/TP_TwinStickBP.upack' (chunk index -1, root 'root:/') mounted
[2023.12.07-18.08.28:583][  0]LogShaderLibrary: Display: ShaderCodeLibraryPakFileMountedCallback: pending pak file info (ChunkID:-1 Root:root:/ File:C:/Program Files (x86)/UE_4.27/FeaturePacks/TP_TwinStickBP.upack)
[2023.12.07-18.08.28:583][  0]LogPakFile: OnPakFileMounted2Time == 0.000062
[2023.12.07-18.08.28:584][  0]LogPakFile: PakFile PrimaryIndexSize=183
[2023.12.07-18.08.28:584][  0]LogPakFile: PakFile PathHashIndexSize=101
[2023.12.07-18.08.28:584][  0]LogPakFile: PakFile FullDirectoryIndexSize=140
[2023.12.07-18.08.28:584][  0]LogShaderLibrary: Display: ShaderCodeLibraryPakFileMountedCallback: PakFile 'C:/Program Files (x86)/UE_4.27/FeaturePacks/TP_Vehicle.upack' (chunk index -1, root 'root:/') mounted
[2023.12.07-18.08.28:584][  0]LogShaderLibrary: Display: ShaderCodeLibraryPakFileMountedCallback: pending pak file info (ChunkID:-1 Root:root:/ File:C:/Program Files (x86)/UE_4.27/FeaturePacks/TP_Vehicle.upack)
[2023.12.07-18.08.28:584][  0]LogPakFile: OnPakFileMounted2Time == 0.000060
[2023.12.07-18.08.28:586][  0]LogPakFile: PakFile PrimaryIndexSize=186
[2023.12.07-18.08.28:586][  0]LogPakFile: PakFile PathHashIndexSize=101
[2023.12.07-18.08.28:586][  0]LogPakFile: PakFile FullDirectoryIndexSize=146
[2023.12.07-18.08.28:586][  0]LogShaderLibrary: Display: ShaderCodeLibraryPakFileMountedCallback: PakFile 'C:/Program Files (x86)/UE_4.27/FeaturePacks/TP_VehicleAdv.upack' (chunk index -1, root 'root:/') mounted
[2023.12.07-18.08.28:586][  0]LogShaderLibrary: Display: ShaderCodeLibraryPakFileMountedCallback: pending pak file info (ChunkID:-1 Root:root:/ File:C:/Program Files (x86)/UE_4.27/FeaturePacks/TP_VehicleAdv.upack)
[2023.12.07-18.08.28:586][  0]LogPakFile: OnPakFileMounted2Time == 0.000062
[2023.12.07-18.08.28:587][  0]LogPakFile: PakFile PrimaryIndexSize=188
[2023.12.07-18.08.28:587][  0]LogPakFile: PakFile PathHashIndexSize=101
[2023.12.07-18.08.28:587][  0]LogPakFile: PakFile FullDirectoryIndexSize=150
[2023.12.07-18.08.28:587][  0]LogShaderLibrary: Display: ShaderCodeLibraryPakFileMountedCallback: PakFile 'C:/Program Files (x86)/UE_4.27/FeaturePacks/TP_VehicleAdvBP.upack' (chunk index -1, root 'root:/') mounted
[2023.12.07-18.08.28:587][  0]LogShaderLibrary: Display: ShaderCodeLibraryPakFileMountedCallback: pending pak file info (ChunkID:-1 Root:root:/ File:C:/Program Files (x86)/UE_4.27/FeaturePacks/TP_VehicleAdvBP.upack)
[2023.12.07-18.08.28:587][  0]LogPakFile: OnPakFileMounted2Time == 0.000061
[2023.12.07-18.08.28:588][  0]LogPakFile: PakFile PrimaryIndexSize=185
[2023.12.07-18.08.28:588][  0]LogPakFile: PakFile PathHashIndexSize=101
[2023.12.07-18.08.28:588][  0]LogPakFile: PakFile FullDirectoryIndexSize=144
[2023.12.07-18.08.28:588][  0]LogShaderLibrary: Display: ShaderCodeLibraryPakFileMountedCallback: PakFile 'C:/Program Files (x86)/UE_4.27/FeaturePacks/TP_VehicleBP.upack' (chunk index -1, root 'root:/') mounted
[2023.12.07-18.08.28:588][  0]LogShaderLibrary: Display: ShaderCodeLibraryPakFileMountedCallback: pending pak file info (ChunkID:-1 Root:root:/ File:C:/Program Files (x86)/UE_4.27/FeaturePacks/TP_VehicleBP.upack)
[2023.12.07-18.08.28:588][  0]LogPakFile: OnPakFileMounted2Time == 0.000072
[2023.12.07-18.08.28:589][  0]LogPakFile: PakFile PrimaryIndexSize=192
[2023.12.07-18.08.28:589][  0]LogPakFile: PakFile PathHashIndexSize=101
[2023.12.07-18.08.28:589][  0]LogPakFile: PakFile FullDirectoryIndexSize=158
[2023.12.07-18.08.28:589][  0]LogShaderLibrary: Display: ShaderCodeLibraryPakFileMountedCallback: PakFile 'C:/Program Files (x86)/UE_4.27/FeaturePacks/TP_VirtualRealityBP.upack' (chunk index -1, root 'root:/') mounted
[2023.12.07-18.08.28:589][  0]LogShaderLibrary: Display: ShaderCodeLibraryPakFileMountedCallback: pending pak file info (ChunkID:-1 Root:root:/ File:C:/Program Files (x86)/UE_4.27/FeaturePacks/TP_VirtualRealityBP.upack)
[2023.12.07-18.08.28:590][  0]LogPakFile: OnPakFileMounted2Time == 0.000068
[2023.12.07-18.08.28:690][  0]LogNativeClassHierarchy: Verbose: Native class hierarchy updated for 'AddContentDialog' in 0.0004 seconds. Added 0 classes and 0 folders.
[2023.12.07-18.08.29:013][  0]LogSlate: Took 0.000223 seconds to synchronously load lazily loaded font '../../../Engine/Content/Slate/Fonts/Roboto-Regular.ttf' (155K)
[2023.12.07-18.08.29:026][  0]LogSlate: Took 0.010924 seconds to synchronously load lazily loaded font '../../../Engine/Content/Editor/Slate/Fonts/FontAwesome.ttf' (139K)
[2023.12.07-18.08.29:033][  0]LogSlate: Took 0.000248 seconds to synchronously load lazily loaded font '../../../Engine/Content/Slate/Fonts/Roboto-Bold.ttf' (160K)
[2023.12.07-18.08.29:195][  0]LogRenderer: Reallocating scene render targets to support 920x368 Format 10 NumSamples 1 (Frame:1).
[2023.12.07-18.08.29:460][  0]LogNativeClassHierarchy: Verbose: Native class hierarchy updated for 'HierarchicalLODOutliner' in 0.0005 seconds. Added 0 classes and 0 folders.
[2023.12.07-18.08.29:460][  0]LogLoad: (Engine Initialization) Total time: 15.88 seconds
[2023.12.07-18.08.29:460][  0]LogLoad: (Engine Initialization) Total Blueprint compile time: 0.00 seconds
[2023.12.07-18.08.29:537][  0]LogAssetRegistry: Asset discovery search completed in 9.3388 seconds
[2023.12.07-18.08.29:547][  0]LogCollectionManager: Fixed up redirectors for 0 collections in 0.000005 seconds (updated 0 objects)
[2023.12.07-18.08.29:550][  0]LogContentStreaming: Texture pool size now 1000 MB
[2023.12.07-18.08.40:349][551]LogRenderer: Reallocating scene render targets to support 1104x460 Format 10 NumSamples 1 (Frame:556).
[2023.12.07-18.08.56:397][386]LogSlate: Window 'Save Level As' being destroyed
[2023.12.07-18.09.04:221][780]LogSlate: Took 0.007501 seconds to synchronously load lazily loaded font '../../../Engine/Content/Slate/Fonts/Roboto-Italic.ttf' (157K)
